# JRE version: OpenJDK Runtime Environment (8.0_202-b03) (build 1.8.0_202-release-1483-b03)
# Java VM: OpenJDK 64-Bit Server VM (25.202-b03 mixed mode windows-amd64 compressed oops)
Heap:
 PSYoungGen      total 264704K, used 122047K [0x00000000d5580000, 0x00000000ead80000, 0x0000000100000000)
  eden space 200704K, 60% used [0x00000000d5580000,0x00000000dccafd18,0x00000000e1980000)
  from space 64000K, 0% used [0x00000000e1980000,0x00000000e1980000,0x00000000e5800000)
  to   space 61952K, 0% used [0x00000000e7100000,0x00000000e7100000,0x00000000ead80000)
 ParOldGen       total 182272K, used 101697K [0x0000000080000000, 0x000000008b200000, 0x00000000d5580000)
  object space 182272K, 55% used [0x0000000080000000,0x00000000863507e8,0x000000008b200000)
 Metaspace       used 142437K, capacity 147760K, committed 147928K, reserved 1179648K
  class space    used 17480K, capacity 18610K, committed 18688K, reserved 1048576K
GC Heap History (10 events):
Event: 1352.427 GC heap before
{Heap before GC invocations=54 (full 4):
 PSYoungGen      total 227840K, used 212233K [0x00000000d5580000, 0x00000000e9400000, 0x0000000100000000)
  eden space 158208K, 100% used [0x00000000d5580000,0x00000000df000000,0x00000000df000000)
  from space 69632K, 77% used [0x00000000df000000,0x00000000e24c2530,0x00000000e3400000)
  to   space 74240K, 0% used [0x00000000e4b80000,0x00000000e4b80000,0x00000000e9400000)
 ParOldGen       total 137216K, used 96735K [0x0000000080000000, 0x0000000088600000, 0x00000000d5580000)
  object space 137216K, 70% used [0x0000000080000000,0x0000000085e77f98,0x0000000088600000)
 Metaspace       used 130869K, capacity 135384K, committed 135768K, reserved 1167360K
  class space    used 15958K, capacity 16907K, committed 17024K, reserved 1048576K
Event: 1352.936 GC heap after
Heap after GC invocations=54 (full 4):
 PSYoungGen      total 244736K, used 28653K [0x00000000d5580000, 0x00000000e8d00000, 0x0000000100000000)
  eden space 177664K, 0% used [0x00000000d5580000,0x00000000d5580000,0x00000000e0300000)
  from space 67072K, 42% used [0x00000000e4b80000,0x00000000e677b5f8,0x00000000e8d00000)
  to   space 70656K, 0% used [0x00000000e0300000,0x00000000e0300000,0x00000000e4800000)
 ParOldGen       total 137216K, used 106617K [0x0000000080000000, 0x0000000088600000, 0x00000000d5580000)
  object space 137216K, 77% used [0x0000000080000000,0x000000008681e7c0,0x0000000088600000)
 Metaspace       used 130869K, capacity 135384K, committed 135768K, reserved 1167360K
  class space    used 15958K, capacity 16907K, committed 17024K, reserved 1048576K
}
Event: 1361.435 GC heap before
{Heap before GC invocations=55 (full 4):
 PSYoungGen      total 244736K, used 206317K [0x00000000d5580000, 0x00000000e8d00000, 0x0000000100000000)
  eden space 177664K, 100% used [0x00000000d5580000,0x00000000e0300000,0x00000000e0300000)
  from space 67072K, 42% used [0x00000000e4b80000,0x00000000e677b5f8,0x00000000e8d00000)
  to   space 70656K, 0% used [0x00000000e0300000,0x00000000e0300000,0x00000000e4800000)
 ParOldGen       total 137216K, used 106617K [0x0000000080000000, 0x0000000088600000, 0x00000000d5580000)
  object space 137216K, 77% used [0x0000000080000000,0x000000008681e7c0,0x0000000088600000)
 Metaspace       used 131334K, capacity 135828K, committed 136024K, reserved 1169408K
  class space    used 16027K, capacity 16984K, committed 17024K, reserved 1048576K
Event: 1361.670 GC heap after
Heap after GC invocations=55 (full 4):
 PSYoungGen      total 248320K, used 33819K [0x00000000d5580000, 0x00000000e9e00000, 0x0000000100000000)
  eden space 177664K, 0% used [0x00000000d5580000,0x00000000d5580000,0x00000000e0300000)
  from space 70656K, 47% used [0x00000000e0300000,0x00000000e2406c18,0x00000000e4800000)
  to   space 67584K, 0% used [0x00000000e5c00000,0x00000000e5c00000,0x00000000e9e00000)
 ParOldGen       total 137216K, used 107172K [0x0000000080000000, 0x0000000088600000, 0x00000000d5580000)
  object space 137216K, 78% used [0x0000000080000000,0x00000000868a9040,0x0000000088600000)
 Metaspace       used 131334K, capacity 135828K, committed 136024K, reserved 1169408K
  class space    used 16027K, capacity 16984K, committed 17024K, reserved 1048576K
}
Event: 1382.645 GC heap before
{Heap before GC invocations=56 (full 4):
 PSYoungGen      total 248320K, used 211483K [0x00000000d5580000, 0x00000000e9e00000, 0x0000000100000000)
  eden space 177664K, 100% used [0x00000000d5580000,0x00000000e0300000,0x00000000e0300000)
  from space 70656K, 47% used [0x00000000e0300000,0x00000000e2406c18,0x00000000e4800000)
  to   space 67584K, 0% used [0x00000000e5c00000,0x00000000e5c00000,0x00000000e9e00000)
 ParOldGen       total 137216K, used 107172K [0x0000000080000000, 0x0000000088600000, 0x00000000d5580000)
  object space 137216K, 78% used [0x0000000080000000,0x00000000868a9040,0x0000000088600000)
 Metaspace       used 133561K, capacity 138050K, committed 138328K, reserved 1171456K
  class space    used 16254K, capacity 17225K, committed 17280K, reserved 1048576K
Event: 1382.935 GC heap after
Heap after GC invocations=56 (full 4):
 PSYoungGen      total 260608K, used 31929K [0x00000000d5580000, 0x00000000e9680000, 0x0000000100000000)
  eden space 200704K, 0% used [0x00000000d5580000,0x00000000d5580000,0x00000000e1980000)
  from space 59904K, 53% used [0x00000000e5c00000,0x00000000e7b2e418,0x00000000e9680000)
  to   space 64000K, 0% used [0x00000000e1980000,0x00000000e1980000,0x00000000e5800000)
 ParOldGen       total 137216K, used 120222K [0x0000000080000000, 0x0000000088600000, 0x00000000d5580000)
  object space 137216K, 87% used [0x0000000080000000,0x0000000087567b80,0x0000000088600000)
 Metaspace       used 133561K, capacity 138050K, committed 138328K, reserved 1171456K
  class space    used 16254K, capacity 17225K, committed 17280K, reserved 1048576K
}
Event: 1396.851 GC heap before
{Heap before GC invocations=57 (full 4):
 PSYoungGen      total 260608K, used 232633K [0x00000000d5580000, 0x00000000e9680000, 0x0000000100000000)
  eden space 200704K, 100% used [0x00000000d5580000,0x00000000e1980000,0x00000000e1980000)
  from space 59904K, 53% used [0x00000000e5c00000,0x00000000e7b2e418,0x00000000e9680000)
  to   space 64000K, 0% used [0x00000000e1980000,0x00000000e1980000,0x00000000e5800000)
 ParOldGen       total 137216K, used 120222K [0x0000000080000000, 0x0000000088600000, 0x00000000d5580000)
  object space 137216K, 87% used [0x0000000080000000,0x0000000087567b80,0x0000000088600000)
 Metaspace       used 136206K, capacity 140886K, committed 141016K, reserved 1173504K
  class space    used 16613K, capacity 17607K, committed 17664K, reserved 1048576K
Event: 1397.227 GC heap after
Heap after GC invocations=57 (full 4):
 PSYoungGen      total 264704K, used 35308K [0x00000000d5580000, 0x00000000ead80000, 0x0000000100000000)
  eden space 200704K, 0% used [0x00000000d5580000,0x00000000d5580000,0x00000000e1980000)
  from space 64000K, 55% used [0x00000000e1980000,0x00000000e3bfb358,0x00000000e5800000)
  to   space 61952K, 0% used [0x00000000e7100000,0x00000000e7100000,0x00000000ead80000)
 ParOldGen       total 137216K, used 121565K [0x0000000080000000, 0x0000000088600000, 0x00000000d5580000)
  object space 137216K, 88% used [0x0000000080000000,0x00000000876b7590,0x0000000088600000)
 Metaspace       used 136206K, capacity 140886K, committed 141016K, reserved 1173504K
  class space    used 16613K, capacity 17607K, committed 17664K, reserved 1048576K
}
Event: 1397.606 GC heap before
{Heap before GC invocations=58 (full 5):
 PSYoungGen      total 264704K, used 35308K [0x00000000d5580000, 0x00000000ead80000, 0x0000000100000000)
  eden space 200704K, 0% used [0x00000000d5580000,0x00000000d5580000,0x00000000e1980000)
  from space 64000K, 55% used [0x00000000e1980000,0x00000000e3bfb358,0x00000000e5800000)
  to   space 61952K, 0% used [0x00000000e7100000,0x00000000e7100000,0x00000000ead80000)
 ParOldGen       total 137216K, used 121565K [0x0000000080000000, 0x0000000088600000, 0x00000000d5580000)
  object space 137216K, 88% used [0x0000000080000000,0x00000000876b7590,0x0000000088600000)
 Metaspace       used 136206K, capacity 140886K, committed 141016K, reserved 1173504K
  class space    used 16613K, capacity 17607K, committed 17664K, reserved 1048576K
Event: 1402.238 GC heap after
Heap after GC invocations=58 (full 5):
 PSYoungGen      total 264704K, used 0K [0x00000000d5580000, 0x00000000ead80000, 0x0000000100000000)
  eden space 200704K, 0% used [0x00000000d5580000,0x00000000d5580000,0x00000000e1980000)
  from space 64000K, 0% used [0x00000000e1980000,0x00000000e1980000,0x00000000e5800000)
  to   space 61952K, 0% used [0x00000000e7100000,0x00000000e7100000,0x00000000ead80000)
 ParOldGen       total 182272K, used 101697K [0x0000000080000000, 0x000000008b200000, 0x00000000d5580000)
  object space 182272K, 55% used [0x0000000080000000,0x00000000863507e8,0x000000008b200000)
 Metaspace       used 136184K, capacity 140826K, committed 141016K, reserved 1173504K
  class space    used 16605K, capacity 17593K, committed 17664K, reserved 1048576K
}

