# JRE version: OpenJDK Runtime Environment (8.0_202-b03) (build 1.8.0_202-release-1483-b03)
# Java VM: OpenJDK 64-Bit Server VM (25.202-b03 mixed mode windows-amd64 compressed oops)
Heap:
 PSYoungGen      total 201728K, used 44712K [0x00000000d5580000, 0x00000000e5880000, 0x0000000100000000)
  eden space 187392K, 16% used [0x00000000d5580000,0x00000000d732eaf0,0x00000000e0c80000)
  from space 14336K, 99% used [0x00000000e0c80000,0x00000000e1a7b838,0x00000000e1a80000)
  to   space 16896K, 0% used [0x00000000e4800000,0x00000000e4800000,0x00000000e5880000)
 ParOldGen       total 61952K, used 15918K [0x0000000080000000, 0x0000000083c80000, 0x00000000d5580000)
  object space 61952K, 25% used [0x0000000080000000,0x0000000080f8ba18,0x0000000083c80000)
 Metaspace       used 46052K, capacity 47802K, committed 48040K, reserved 1091584K
  class space    used 6200K, capacity 6567K, committed 6568K, reserved 1048576K
GC Heap History (10 events):
Event: 7.240 GC heap before
{Heap before GC invocations=7 (full 1):
 PSYoungGen      total 139776K, used 7029K [0x00000000d5580000, 0x00000000de880000, 0x0000000100000000)
  eden space 130560K, 0% used [0x00000000d5580000,0x00000000d5580000,0x00000000dd500000)
  from space 9216K, 76% used [0x00000000dde80000,0x00000000de55d720,0x00000000de780000)
  to   space 9728K, 0% used [0x00000000dd500000,0x00000000dd500000,0x00000000dde80000)
 ParOldGen       total 44032K, used 10895K [0x0000000080000000, 0x0000000082b00000, 0x00000000d5580000)
  object space 44032K, 24% used [0x0000000080000000,0x0000000080aa3f70,0x0000000082b00000)
 Metaspace       used 20587K, capacity 21222K, committed 21296K, reserved 1067008K
  class space    used 2870K, capacity 3075K, committed 3120K, reserved 1048576K
Event: 7.397 GC heap after
Heap after GC invocations=7 (full 1):
 PSYoungGen      total 139776K, used 0K [0x00000000d5580000, 0x00000000de880000, 0x0000000100000000)
  eden space 130560K, 0% used [0x00000000d5580000,0x00000000d5580000,0x00000000dd500000)
  from space 9216K, 0% used [0x00000000dde80000,0x00000000dde80000,0x00000000de780000)
  to   space 9728K, 0% used [0x00000000dd500000,0x00000000dd500000,0x00000000dde80000)
 ParOldGen       total 47104K, used 15868K [0x0000000080000000, 0x0000000082e00000, 0x00000000d5580000)
  object space 47104K, 33% used [0x0000000080000000,0x0000000080f7f248,0x0000000082e00000)
 Metaspace       used 20587K, capacity 21222K, committed 21296K, reserved 1067008K
  class space    used 2870K, capacity 3075K, committed 3120K, reserved 1048576K
}
Event: 13.021 GC heap before
{Heap before GC invocations=8 (full 1):
 PSYoungGen      total 139776K, used 130560K [0x00000000d5580000, 0x00000000de880000, 0x0000000100000000)
  eden space 130560K, 100% used [0x00000000d5580000,0x00000000dd500000,0x00000000dd500000)
  from space 9216K, 0% used [0x00000000dde80000,0x00000000dde80000,0x00000000de780000)
  to   space 9728K, 0% used [0x00000000dd500000,0x00000000dd500000,0x00000000dde80000)
 ParOldGen       total 47104K, used 15868K [0x0000000080000000, 0x0000000082e00000, 0x00000000d5580000)
  object space 47104K, 33% used [0x0000000080000000,0x0000000080f7f248,0x0000000082e00000)
 Metaspace       used 32738K, capacity 33736K, committed 33968K, reserved 1079296K
  class space    used 4449K, capacity 4686K, committed 4784K, reserved 1048576K
Event: 13.076 GC heap after
Heap after GC invocations=8 (full 1):
 PSYoungGen      total 140288K, used 9703K [0x00000000d5580000, 0x00000000e2800000, 0x0000000100000000)
  eden space 130560K, 0% used [0x00000000d5580000,0x00000000d5580000,0x00000000dd500000)
  from space 9728K, 99% used [0x00000000dd500000,0x00000000dde79d88,0x00000000dde80000)
  to   space 13824K, 0% used [0x00000000e1a80000,0x00000000e1a80000,0x00000000e2800000)
 ParOldGen       total 47104K, used 20791K [0x0000000080000000, 0x0000000082e00000, 0x00000000d5580000)
  object space 47104K, 44% used [0x0000000080000000,0x000000008144dec0,0x0000000082e00000)
 Metaspace       used 32738K, capacity 33736K, committed 33968K, reserved 1079296K
  class space    used 4449K, capacity 4686K, committed 4784K, reserved 1048576K
}
Event: 13.838 GC heap before
{Heap before GC invocations=9 (full 1):
 PSYoungGen      total 140288K, used 42160K [0x00000000d5580000, 0x00000000e2800000, 0x0000000100000000)
  eden space 130560K, 24% used [0x00000000d5580000,0x00000000d7532360,0x00000000dd500000)
  from space 9728K, 99% used [0x00000000dd500000,0x00000000dde79d88,0x00000000dde80000)
  to   space 13824K, 0% used [0x00000000e1a80000,0x00000000e1a80000,0x00000000e2800000)
 ParOldGen       total 47104K, used 20791K [0x0000000080000000, 0x0000000082e00000, 0x00000000d5580000)
  object space 47104K, 44% used [0x0000000080000000,0x000000008144dec0,0x0000000082e00000)
 Metaspace       used 34263K, capacity 35410K, committed 35496K, reserved 1079296K
  class space    used 4700K, capacity 5000K, committed 5032K, reserved 1048576K
Event: 13.885 GC heap after
Heap after GC invocations=9 (full 1):
 PSYoungGen      total 201216K, used 8780K [0x00000000d5580000, 0x00000000e3880000, 0x0000000100000000)
  eden space 187392K, 0% used [0x00000000d5580000,0x00000000d5580000,0x00000000e0c80000)
  from space 13824K, 63% used [0x00000000e1a80000,0x00000000e2313200,0x00000000e2800000)
  to   space 14336K, 0% used [0x00000000e0c80000,0x00000000e0c80000,0x00000000e1a80000)
 ParOldGen       total 47104K, used 20799K [0x0000000080000000, 0x0000000082e00000, 0x00000000d5580000)
  object space 47104K, 44% used [0x0000000080000000,0x000000008144fec0,0x0000000082e00000)
 Metaspace       used 34263K, capacity 35410K, committed 35496K, reserved 1079296K
  class space    used 4700K, capacity 5000K, committed 5032K, reserved 1048576K
}
Event: 13.885 GC heap before
{Heap before GC invocations=10 (full 2):
 PSYoungGen      total 201216K, used 8780K [0x00000000d5580000, 0x00000000e3880000, 0x0000000100000000)
  eden space 187392K, 0% used [0x00000000d5580000,0x00000000d5580000,0x00000000e0c80000)
  from space 13824K, 63% used [0x00000000e1a80000,0x00000000e2313200,0x00000000e2800000)
  to   space 14336K, 0% used [0x00000000e0c80000,0x00000000e0c80000,0x00000000e1a80000)
 ParOldGen       total 47104K, used 20799K [0x0000000080000000, 0x0000000082e00000, 0x00000000d5580000)
  object space 47104K, 44% used [0x0000000080000000,0x000000008144fec0,0x0000000082e00000)
 Metaspace       used 34263K, capacity 35410K, committed 35496K, reserved 1079296K
  class space    used 4700K, capacity 5000K, committed 5032K, reserved 1048576K
Event: 14.187 GC heap after
Heap after GC invocations=10 (full 2):
 PSYoungGen      total 201216K, used 0K [0x00000000d5580000, 0x00000000e3880000, 0x0000000100000000)
  eden space 187392K, 0% used [0x00000000d5580000,0x00000000d5580000,0x00000000e0c80000)
  from space 13824K, 0% used [0x00000000e1a80000,0x00000000e1a80000,0x00000000e2800000)
  to   space 14336K, 0% used [0x00000000e0c80000,0x00000000e0c80000,0x00000000e1a80000)
 ParOldGen       total 61952K, used 15256K [0x0000000080000000, 0x0000000083c80000, 0x00000000d5580000)
  object space 61952K, 24% used [0x0000000080000000,0x0000000080ee6260,0x0000000083c80000)
 Metaspace       used 34263K, capacity 35410K, committed 35496K, reserved 1079296K
  class space    used 4700K, capacity 5000K, committed 5032K, reserved 1048576K
}
Event: 28.313 GC heap before
{Heap before GC invocations=11 (full 2):
 PSYoungGen      total 201216K, used 187392K [0x00000000d5580000, 0x00000000e3880000, 0x0000000100000000)
  eden space 187392K, 100% used [0x00000000d5580000,0x00000000e0c80000,0x00000000e0c80000)
  from space 13824K, 0% used [0x00000000e1a80000,0x00000000e1a80000,0x00000000e2800000)
  to   space 14336K, 0% used [0x00000000e0c80000,0x00000000e0c80000,0x00000000e1a80000)
 ParOldGen       total 61952K, used 15256K [0x0000000080000000, 0x0000000083c80000, 0x00000000d5580000)
  object space 61952K, 24% used [0x0000000080000000,0x0000000080ee6260,0x0000000083c80000)
 Metaspace       used 44182K, capacity 45988K, committed 46120K, reserved 1089536K
  class space    used 5961K, capacity 6370K, committed 6440K, reserved 1048576K
Event: 28.368 GC heap after
Heap after GC invocations=11 (full 2):
 PSYoungGen      total 201728K, used 14318K [0x00000000d5580000, 0x00000000e5880000, 0x0000000100000000)
  eden space 187392K, 0% used [0x00000000d5580000,0x00000000d5580000,0x00000000e0c80000)
  from space 14336K, 99% used [0x00000000e0c80000,0x00000000e1a7b838,0x00000000e1a80000)
  to   space 16896K, 0% used [0x00000000e4800000,0x00000000e4800000,0x00000000e5880000)
 ParOldGen       total 61952K, used 15918K [0x0000000080000000, 0x0000000083c80000, 0x00000000d5580000)
  object space 61952K, 25% used [0x0000000080000000,0x0000000080f8ba18,0x0000000083c80000)
 Metaspace       used 44182K, capacity 45988K, committed 46120K, reserved 1089536K
  class space    used 5961K, capacity 6370K, committed 6440K, reserved 1048576K
}

