# JRE version: OpenJDK Runtime Environment (8.0_202-b03) (build 1.8.0_202-release-1483-b03)
# Java VM: OpenJDK 64-Bit Server VM (25.202-b03 mixed mode windows-amd64 compressed oops)
Heap:
 PSYoungGen      total 198656K, used 48070K [0x00000000d5580000, 0x00000000e6880000, 0x0000000100000000)
  eden space 185344K, 18% used [0x00000000d5580000,0x00000000d77742d0,0x00000000e0a80000)
  from space 13312K, 99% used [0x00000000e0a80000,0x00000000e177d748,0x00000000e1780000)
  to   space 15360K, 0% used [0x00000000e5980000,0x00000000e5980000,0x00000000e6880000)
 ParOldGen       total 47616K, used 15825K [0x0000000080000000, 0x0000000082e80000, 0x00000000d5580000)
  object space 47616K, 33% used [0x0000000080000000,0x0000000080f74498,0x0000000082e80000)
 Metaspace       used 45538K, capacity 47308K, committed 47528K, reserved 1089536K
  class space    used 6136K, capacity 6506K, committed 6568K, reserved 1048576K
GC Heap History (10 events):
Event: 8.434 GC heap before
{Heap before GC invocations=9 (full 1):
 PSYoungGen      total 137728K, used 3969K [0x00000000d5580000, 0x00000000de580000, 0x0000000100000000)
  eden space 129024K, 0% used [0x00000000d5580000,0x00000000d5580000,0x00000000dd380000)
  from space 8704K, 45% used [0x00000000ddd00000,0x00000000de0e0470,0x00000000de580000)
  to   space 9216K, 0% used [0x00000000dd380000,0x00000000dd380000,0x00000000ddc80000)
 ParOldGen       total 44032K, used 8439K [0x0000000080000000, 0x0000000082b00000, 0x00000000d5580000)
  object space 44032K, 19% used [0x0000000080000000,0x000000008083dcb0,0x0000000082b00000)
 Metaspace       used 20577K, capacity 21222K, committed 21296K, reserved 1067008K
  class space    used 2869K, capacity 3075K, committed 3120K, reserved 1048576K
Event: 8.648 GC heap after
Heap after GC invocations=9 (full 1):
 PSYoungGen      total 137728K, used 0K [0x00000000d5580000, 0x00000000de580000, 0x0000000100000000)
  eden space 129024K, 0% used [0x00000000d5580000,0x00000000d5580000,0x00000000dd380000)
  from space 8704K, 0% used [0x00000000ddd00000,0x00000000ddd00000,0x00000000de580000)
  to   space 9216K, 0% used [0x00000000dd380000,0x00000000dd380000,0x00000000ddc80000)
 ParOldGen       total 32768K, used 8830K [0x0000000080000000, 0x0000000082000000, 0x00000000d5580000)
  object space 32768K, 26% used [0x0000000080000000,0x000000008089fa30,0x0000000082000000)
 Metaspace       used 20577K, capacity 21222K, committed 21296K, reserved 1067008K
  class space    used 2869K, capacity 3075K, committed 3120K, reserved 1048576K
}
Event: 12.235 GC heap before
{Heap before GC invocations=10 (full 1):
 PSYoungGen      total 137728K, used 129024K [0x00000000d5580000, 0x00000000de580000, 0x0000000100000000)
  eden space 129024K, 100% used [0x00000000d5580000,0x00000000dd380000,0x00000000dd380000)
  from space 8704K, 0% used [0x00000000ddd00000,0x00000000ddd00000,0x00000000de580000)
  to   space 9216K, 0% used [0x00000000dd380000,0x00000000dd380000,0x00000000ddc80000)
 ParOldGen       total 32768K, used 8830K [0x0000000080000000, 0x0000000082000000, 0x00000000d5580000)
  object space 32768K, 26% used [0x0000000080000000,0x000000008089fa30,0x0000000082000000)
 Metaspace       used 32658K, capacity 33602K, committed 33712K, reserved 1079296K
  class space    used 4435K, capacity 4685K, committed 4784K, reserved 1048576K
Event: 12.298 GC heap after
Heap after GC invocations=10 (full 1):
 PSYoungGen      total 138240K, used 9185K [0x00000000d5580000, 0x00000000e2400000, 0x0000000100000000)
  eden space 129024K, 0% used [0x00000000d5580000,0x00000000d5580000,0x00000000dd380000)
  from space 9216K, 99% used [0x00000000dd380000,0x00000000ddc78708,0x00000000ddc80000)
  to   space 12800K, 0% used [0x00000000e1780000,0x00000000e1780000,0x00000000e2400000)
 ParOldGen       total 32768K, used 13901K [0x0000000080000000, 0x0000000082000000, 0x00000000d5580000)
  object space 32768K, 42% used [0x0000000080000000,0x0000000080d936a8,0x0000000082000000)
 Metaspace       used 32658K, capacity 33602K, committed 33712K, reserved 1079296K
  class space    used 4435K, capacity 4685K, committed 4784K, reserved 1048576K
}
Event: 13.148 GC heap before
{Heap before GC invocations=11 (full 1):
 PSYoungGen      total 138240K, used 44425K [0x00000000d5580000, 0x00000000e2400000, 0x0000000100000000)
  eden space 129024K, 27% used [0x00000000d5580000,0x00000000d77ea040,0x00000000dd380000)
  from space 9216K, 99% used [0x00000000dd380000,0x00000000ddc78708,0x00000000ddc80000)
  to   space 12800K, 0% used [0x00000000e1780000,0x00000000e1780000,0x00000000e2400000)
 ParOldGen       total 32768K, used 13901K [0x0000000080000000, 0x0000000082000000, 0x00000000d5580000)
  object space 32768K, 42% used [0x0000000080000000,0x0000000080d936a8,0x0000000082000000)
 Metaspace       used 34251K, capacity 35410K, committed 35496K, reserved 1079296K
  class space    used 4701K, capacity 5000K, committed 5032K, reserved 1048576K
Event: 13.244 GC heap after
Heap after GC invocations=11 (full 1):
 PSYoungGen      total 198144K, used 8887K [0x00000000d5580000, 0x00000000e2700000, 0x0000000100000000)
  eden space 185344K, 0% used [0x00000000d5580000,0x00000000d5580000,0x00000000e0a80000)
  from space 12800K, 69% used [0x00000000e1780000,0x00000000e202dc28,0x00000000e2400000)
  to   space 13312K, 0% used [0x00000000e0a80000,0x00000000e0a80000,0x00000000e1780000)
 ParOldGen       total 32768K, used 13909K [0x0000000080000000, 0x0000000082000000, 0x00000000d5580000)
  object space 32768K, 42% used [0x0000000080000000,0x0000000080d956a8,0x0000000082000000)
 Metaspace       used 34251K, capacity 35410K, committed 35496K, reserved 1079296K
  class space    used 4701K, capacity 5000K, committed 5032K, reserved 1048576K
}
Event: 13.244 GC heap before
{Heap before GC invocations=12 (full 2):
 PSYoungGen      total 198144K, used 8887K [0x00000000d5580000, 0x00000000e2700000, 0x0000000100000000)
  eden space 185344K, 0% used [0x00000000d5580000,0x00000000d5580000,0x00000000e0a80000)
  from space 12800K, 69% used [0x00000000e1780000,0x00000000e202dc28,0x00000000e2400000)
  to   space 13312K, 0% used [0x00000000e0a80000,0x00000000e0a80000,0x00000000e1780000)
 ParOldGen       total 32768K, used 13909K [0x0000000080000000, 0x0000000082000000, 0x00000000d5580000)
  object space 32768K, 42% used [0x0000000080000000,0x0000000080d956a8,0x0000000082000000)
 Metaspace       used 34251K, capacity 35410K, committed 35496K, reserved 1079296K
  class space    used 4701K, capacity 5000K, committed 5032K, reserved 1048576K
Event: 13.518 GC heap after
Heap after GC invocations=12 (full 2):
 PSYoungGen      total 198144K, used 0K [0x00000000d5580000, 0x00000000e2700000, 0x0000000100000000)
  eden space 185344K, 0% used [0x00000000d5580000,0x00000000d5580000,0x00000000e0a80000)
  from space 12800K, 0% used [0x00000000e1780000,0x00000000e1780000,0x00000000e2400000)
  to   space 13312K, 0% used [0x00000000e0a80000,0x00000000e0a80000,0x00000000e1780000)
 ParOldGen       total 47616K, used 15319K [0x0000000080000000, 0x0000000082e80000, 0x00000000d5580000)
  object space 47616K, 32% used [0x0000000080000000,0x0000000080ef5ca8,0x0000000082e80000)
 Metaspace       used 34251K, capacity 35410K, committed 35496K, reserved 1079296K
  class space    used 4701K, capacity 5000K, committed 5032K, reserved 1048576K
}
Event: 21.791 GC heap before
{Heap before GC invocations=13 (full 2):
 PSYoungGen      total 198144K, used 185344K [0x00000000d5580000, 0x00000000e2700000, 0x0000000100000000)
  eden space 185344K, 100% used [0x00000000d5580000,0x00000000e0a80000,0x00000000e0a80000)
  from space 12800K, 0% used [0x00000000e1780000,0x00000000e1780000,0x00000000e2400000)
  to   space 13312K, 0% used [0x00000000e0a80000,0x00000000e0a80000,0x00000000e1780000)
 ParOldGen       total 47616K, used 15319K [0x0000000080000000, 0x0000000082e80000, 0x00000000d5580000)
  object space 47616K, 32% used [0x0000000080000000,0x0000000080ef5ca8,0x0000000082e80000)
 Metaspace       used 42995K, capacity 44780K, committed 44968K, reserved 1087488K
  class space    used 5825K, capacity 6232K, committed 6312K, reserved 1048576K
Event: 21.820 GC heap after
Heap after GC invocations=13 (full 2):
 PSYoungGen      total 198656K, used 13301K [0x00000000d5580000, 0x00000000e6880000, 0x0000000100000000)
  eden space 185344K, 0% used [0x00000000d5580000,0x00000000d5580000,0x00000000e0a80000)
  from space 13312K, 99% used [0x00000000e0a80000,0x00000000e177d748,0x00000000e1780000)
  to   space 15360K, 0% used [0x00000000e5980000,0x00000000e5980000,0x00000000e6880000)
 ParOldGen       total 47616K, used 15825K [0x0000000080000000, 0x0000000082e80000, 0x00000000d5580000)
  object space 47616K, 33% used [0x0000000080000000,0x0000000080f74498,0x0000000082e80000)
 Metaspace       used 42995K, capacity 44780K, committed 44968K, reserved 1087488K
  class space    used 5825K, capacity 6232K, committed 6312K, reserved 1048576K
}

