# JRE version: OpenJDK Runtime Environment (8.0_202-b03) (build 1.8.0_202-release-1483-b03)
# Java VM: OpenJDK 64-Bit Server VM (25.202-b03 mixed mode windows-amd64 compressed oops)
Heap:
 PSYoungGen      total 404480K, used 366113K [0x00000000d5580000, 0x00000000f0f80000, 0x0000000100000000)
  eden space 355840K, 96% used [0x00000000d5580000,0x00000000ea692618,0x00000000eb100000)
  from space 48640K, 43% used [0x00000000edf00000,0x00000000ef375e50,0x00000000f0e80000)
  to   space 47104K, 0% used [0x00000000eb100000,0x00000000eb100000,0x00000000edf00000)
 ParOldGen       total 161280K, used 89918K [0x0000000080000000, 0x0000000089d80000, 0x00000000d5580000)
  object space 161280K, 55% used [0x0000000080000000,0x00000000857cf9e0,0x0000000089d80000)
 Metaspace       used 87353K, capacity 91664K, committed 91800K, reserved 1128448K
  class space    used 11784K, capacity 12616K, committed 12712K, reserved 1048576K
GC Heap History (10 events):
Event: 59.062 GC heap before
{Heap before GC invocations=16 (full 3):
 PSYoungGen      total 248832K, used 233472K [0x00000000d5580000, 0x00000000e6a00000, 0x0000000100000000)
  eden space 233472K, 100% used [0x00000000d5580000,0x00000000e3980000,0x00000000e3980000)
  from space 15360K, 0% used [0x00000000e5000000,0x00000000e5000000,0x00000000e5f00000)
  to   space 23040K, 0% used [0x00000000e3980000,0x00000000e3980000,0x00000000e5000000)
 ParOldGen       total 89600K, used 41422K [0x0000000080000000, 0x0000000085780000, 0x00000000d5580000)
  object space 89600K, 46% used [0x0000000080000000,0x0000000082873958,0x0000000085780000)
 Metaspace       used 67552K, capacity 70356K, committed 70424K, reserved 1110016K
  class space    used 9152K, capacity 9721K, committed 9768K, reserved 1048576K
Event: 59.143 GC heap after
Heap after GC invocations=16 (full 3):
 PSYoungGen      total 256512K, used 22337K [0x00000000d5580000, 0x00000000eac00000, 0x0000000100000000)
  eden space 233472K, 0% used [0x00000000d5580000,0x00000000d5580000,0x00000000e3980000)
  from space 23040K, 96% used [0x00000000e3980000,0x00000000e4f50698,0x00000000e5000000)
  to   space 26624K, 0% used [0x00000000e9200000,0x00000000e9200000,0x00000000eac00000)
 ParOldGen       total 89600K, used 41430K [0x0000000080000000, 0x0000000085780000, 0x00000000d5580000)
  object space 89600K, 46% used [0x0000000080000000,0x0000000082875958,0x0000000085780000)
 Metaspace       used 67552K, capacity 70356K, committed 70424K, reserved 1110016K
  class space    used 9152K, capacity 9721K, committed 9768K, reserved 1048576K
}
Event: 76.240 GC heap before
{Heap before GC invocations=17 (full 3):
 PSYoungGen      total 256512K, used 255809K [0x00000000d5580000, 0x00000000eac00000, 0x0000000100000000)
  eden space 233472K, 100% used [0x00000000d5580000,0x00000000e3980000,0x00000000e3980000)
  from space 23040K, 96% used [0x00000000e3980000,0x00000000e4f50698,0x00000000e5000000)
  to   space 26624K, 0% used [0x00000000e9200000,0x00000000e9200000,0x00000000eac00000)
 ParOldGen       total 89600K, used 41430K [0x0000000080000000, 0x0000000085780000, 0x00000000d5580000)
  object space 89600K, 46% used [0x0000000080000000,0x0000000082875958,0x0000000085780000)
 Metaspace       used 73644K, capacity 76650K, committed 76952K, reserved 1116160K
  class space    used 9953K, capacity 10547K, committed 10664K, reserved 1048576K
Event: 76.326 GC heap after
Heap after GC invocations=17 (full 3):
 PSYoungGen      total 317440K, used 26606K [0x00000000d5580000, 0x00000000eb280000, 0x0000000100000000)
  eden space 290816K, 0% used [0x00000000d5580000,0x00000000d5580000,0x00000000e7180000)
  from space 26624K, 99% used [0x00000000e9200000,0x00000000eabfbab0,0x00000000eac00000)
  to   space 33280K, 0% used [0x00000000e7180000,0x00000000e7180000,0x00000000e9200000)
 ParOldGen       total 89600K, used 48408K [0x0000000080000000, 0x0000000085780000, 0x00000000d5580000)
  object space 89600K, 54% used [0x0000000080000000,0x0000000082f461a0,0x0000000085780000)
 Metaspace       used 73644K, capacity 76650K, committed 76952K, reserved 1116160K
  class space    used 9953K, capacity 10547K, committed 10664K, reserved 1048576K
}
Event: 138.825 GC heap before
{Heap before GC invocations=18 (full 3):
 PSYoungGen      total 317440K, used 317422K [0x00000000d5580000, 0x00000000eb280000, 0x0000000100000000)
  eden space 290816K, 100% used [0x00000000d5580000,0x00000000e7180000,0x00000000e7180000)
  from space 26624K, 99% used [0x00000000e9200000,0x00000000eabfbab0,0x00000000eac00000)
  to   space 33280K, 0% used [0x00000000e7180000,0x00000000e7180000,0x00000000e9200000)
 ParOldGen       total 89600K, used 48408K [0x0000000080000000, 0x0000000085780000, 0x00000000d5580000)
  object space 89600K, 54% used [0x0000000080000000,0x0000000082f461a0,0x0000000085780000)
 Metaspace       used 82651K, capacity 86414K, committed 86552K, reserved 1124352K
  class space    used 11264K, capacity 12037K, committed 12072K, reserved 1048576K
Event: 139.068 GC heap after
Heap after GC invocations=18 (full 3):
 PSYoungGen      total 324096K, used 33253K [0x00000000d5580000, 0x00000000f0e80000, 0x0000000100000000)
  eden space 290816K, 0% used [0x00000000d5580000,0x00000000d5580000,0x00000000e7180000)
  from space 33280K, 99% used [0x00000000e7180000,0x00000000e91f9460,0x00000000e9200000)
  to   space 48640K, 0% used [0x00000000edf00000,0x00000000edf00000,0x00000000f0e80000)
 ParOldGen       total 89600K, used 74389K [0x0000000080000000, 0x0000000085780000, 0x00000000d5580000)
  object space 89600K, 83% used [0x0000000080000000,0x00000000848a56a0,0x0000000085780000)
 Metaspace       used 82651K, capacity 86414K, committed 86552K, reserved 1124352K
  class space    used 11264K, capacity 12037K, committed 12072K, reserved 1048576K
}
Event: 139.068 GC heap before
{Heap before GC invocations=19 (full 4):
 PSYoungGen      total 324096K, used 33253K [0x00000000d5580000, 0x00000000f0e80000, 0x0000000100000000)
  eden space 290816K, 0% used [0x00000000d5580000,0x00000000d5580000,0x00000000e7180000)
  from space 33280K, 99% used [0x00000000e7180000,0x00000000e91f9460,0x00000000e9200000)
  to   space 48640K, 0% used [0x00000000edf00000,0x00000000edf00000,0x00000000f0e80000)
 ParOldGen       total 89600K, used 74389K [0x0000000080000000, 0x0000000085780000, 0x00000000d5580000)
  object space 89600K, 83% used [0x0000000080000000,0x00000000848a56a0,0x0000000085780000)
 Metaspace       used 82651K, capacity 86414K, committed 86552K, reserved 1124352K
  class space    used 11264K, capacity 12037K, committed 12072K, reserved 1048576K
Event: 140.212 GC heap after
Heap after GC invocations=19 (full 4):
 PSYoungGen      total 324096K, used 456K [0x00000000d5580000, 0x00000000f0e80000, 0x0000000100000000)
  eden space 290816K, 0% used [0x00000000d5580000,0x00000000d5580000,0x00000000e7180000)
  from space 33280K, 1% used [0x00000000e7180000,0x00000000e71f20c0,0x00000000e9200000)
  to   space 48640K, 0% used [0x00000000edf00000,0x00000000edf00000,0x00000000f0e80000)
 ParOldGen       total 161280K, used 89431K [0x0000000080000000, 0x0000000089d80000, 0x00000000d5580000)
  object space 161280K, 55% used [0x0000000080000000,0x0000000085755e00,0x0000000089d80000)
 Metaspace       used 82630K, capacity 86350K, committed 86552K, reserved 1124352K
  class space    used 11257K, capacity 12025K, committed 12072K, reserved 1048576K
}
Event: 151.335 GC heap before
{Heap before GC invocations=20 (full 4):
 PSYoungGen      total 324096K, used 291272K [0x00000000d5580000, 0x00000000f0e80000, 0x0000000100000000)
  eden space 290816K, 100% used [0x00000000d5580000,0x00000000e7180000,0x00000000e7180000)
  from space 33280K, 1% used [0x00000000e7180000,0x00000000e71f20c0,0x00000000e9200000)
  to   space 48640K, 0% used [0x00000000edf00000,0x00000000edf00000,0x00000000f0e80000)
 ParOldGen       total 161280K, used 89431K [0x0000000080000000, 0x0000000089d80000, 0x00000000d5580000)
  object space 161280K, 55% used [0x0000000080000000,0x0000000085755e00,0x0000000089d80000)
 Metaspace       used 87144K, capacity 91466K, committed 91800K, reserved 1128448K
  class space    used 11757K, capacity 12615K, committed 12712K, reserved 1048576K
Event: 151.467 GC heap after
Heap after GC invocations=20 (full 4):
 PSYoungGen      total 404480K, used 20951K [0x00000000d5580000, 0x00000000f0f80000, 0x0000000100000000)
  eden space 355840K, 0% used [0x00000000d5580000,0x00000000d5580000,0x00000000eb100000)
  from space 48640K, 43% used [0x00000000edf00000,0x00000000ef375e50,0x00000000f0e80000)
  to   space 47104K, 0% used [0x00000000eb100000,0x00000000eb100000,0x00000000edf00000)
 ParOldGen       total 161280K, used 89918K [0x0000000080000000, 0x0000000089d80000, 0x00000000d5580000)
  object space 161280K, 55% used [0x0000000080000000,0x00000000857cf9e0,0x0000000089d80000)
 Metaspace       used 87144K, capacity 91466K, committed 91800K, reserved 1128448K
  class space    used 11757K, capacity 12615K, committed 12712K, reserved 1048576K
}

