# JRE version: OpenJDK Runtime Environment (8.0_202-b03) (build 1.8.0_202-release-1483-b03)
# Java VM: OpenJDK 64-Bit Server VM (25.202-b03 mixed mode windows-amd64 compressed oops)
Heap:
 PSYoungGen      total 438272K, used 309936K [0x00000000d5580000, 0x00000000f2980000, 0x0000000100000000)
  eden space 397824K, 72% used [0x00000000d5580000,0x00000000e6e03038,0x00000000eda00000)
  from space 40448K, 56% used [0x00000000f0180000,0x00000000f17a9108,0x00000000f2900000)
  to   space 40448K, 92% used [0x00000000eda00000,0x00000000efe80a00,0x00000000f0180000)
 ParOldGen       total 154624K, used 78789K [0x0000000080000000, 0x0000000089700000, 0x00000000d5580000)
  object space 154624K, 50% used [0x0000000080000000,0x0000000084cf15b8,0x0000000089700000)
 Metaspace       used 109625K, capacity 113964K, committed 114008K, reserved 1153024K
  class space    used 14033K, capacity 14932K, committed 14976K, reserved 1048576K
GC Heap History (10 events):
Event: 71.778 GC heap before
{Heap before GC invocations=14 (full 3):
 PSYoungGen      total 295936K, used 278016K [0x00000000d5580000, 0x00000000e9580000, 0x0000000100000000)
  eden space 278016K, 100% used [0x00000000d5580000,0x00000000e6500000,0x00000000e6500000)
  from space 17920K, 0% used [0x00000000e7c80000,0x00000000e7c80000,0x00000000e8e00000)
  to   space 24064K, 0% used [0x00000000e6500000,0x00000000e6500000,0x00000000e7c80000)
 ParOldGen       total 91648K, used 39646K [0x0000000080000000, 0x0000000085980000, 0x00000000d5580000)
  object space 91648K, 43% used [0x0000000080000000,0x00000000826b7990,0x0000000085980000)
 Metaspace       used 68373K, capacity 71298K, committed 71640K, reserved 1112064K
  class space    used 9271K, capacity 9878K, committed 9984K, reserved 1048576K
Event: 71.860 GC heap after
Heap after GC invocations=14 (full 3):
 PSYoungGen      total 302080K, used 24045K [0x00000000d5580000, 0x00000000ee180000, 0x0000000100000000)
  eden space 278016K, 0% used [0x00000000d5580000,0x00000000d5580000,0x00000000e6500000)
  from space 24064K, 99% used [0x00000000e6500000,0x00000000e7c7b608,0x00000000e7c80000)
  to   space 31744K, 0% used [0x00000000ec280000,0x00000000ec280000,0x00000000ee180000)
 ParOldGen       total 91648K, used 49673K [0x0000000080000000, 0x0000000085980000, 0x00000000d5580000)
  object space 91648K, 54% used [0x0000000080000000,0x0000000083082578,0x0000000085980000)
 Metaspace       used 68373K, capacity 71298K, committed 71640K, reserved 1112064K
  class space    used 9271K, capacity 9878K, committed 9984K, reserved 1048576K
}
Event: 86.720 GC heap before
{Heap before GC invocations=15 (full 3):
 PSYoungGen      total 302080K, used 302061K [0x00000000d5580000, 0x00000000ee180000, 0x0000000100000000)
  eden space 278016K, 100% used [0x00000000d5580000,0x00000000e6500000,0x00000000e6500000)
  from space 24064K, 99% used [0x00000000e6500000,0x00000000e7c7b608,0x00000000e7c80000)
  to   space 31744K, 0% used [0x00000000ec280000,0x00000000ec280000,0x00000000ee180000)
 ParOldGen       total 91648K, used 49673K [0x0000000080000000, 0x0000000085980000, 0x00000000d5580000)
  object space 91648K, 54% used [0x0000000080000000,0x0000000083082578,0x0000000085980000)
 Metaspace       used 76449K, capacity 79654K, committed 79832K, reserved 1118208K
  class space    used 10273K, capacity 10922K, committed 11008K, reserved 1048576K
Event: 86.822 GC heap after
Heap after GC invocations=15 (full 3):
 PSYoungGen      total 365568K, used 20434K [0x00000000d5580000, 0x00000000ede80000, 0x0000000100000000)
  eden space 336896K, 0% used [0x00000000d5580000,0x00000000d5580000,0x00000000e9e80000)
  from space 28672K, 71% used [0x00000000ec280000,0x00000000ed674a48,0x00000000ede80000)
  to   space 32768K, 0% used [0x00000000e9e80000,0x00000000e9e80000,0x00000000ebe80000)
 ParOldGen       total 91648K, used 72033K [0x0000000080000000, 0x0000000085980000, 0x00000000d5580000)
  object space 91648K, 78% used [0x0000000080000000,0x00000000846587d0,0x0000000085980000)
 Metaspace       used 76449K, capacity 79654K, committed 79832K, reserved 1118208K
  class space    used 10273K, capacity 10922K, committed 11008K, reserved 1048576K
}
Event: 178.943 GC heap before
{Heap before GC invocations=16 (full 3):
 PSYoungGen      total 365568K, used 357330K [0x00000000d5580000, 0x00000000ede80000, 0x0000000100000000)
  eden space 336896K, 100% used [0x00000000d5580000,0x00000000e9e80000,0x00000000e9e80000)
  from space 28672K, 71% used [0x00000000ec280000,0x00000000ed674a48,0x00000000ede80000)
  to   space 32768K, 0% used [0x00000000e9e80000,0x00000000e9e80000,0x00000000ebe80000)
 ParOldGen       total 91648K, used 72033K [0x0000000080000000, 0x0000000085980000, 0x00000000d5580000)
  object space 91648K, 78% used [0x0000000080000000,0x00000000846587d0,0x0000000085980000)
 Metaspace       used 82663K, capacity 86124K, committed 86232K, reserved 1124352K
  class space    used 11004K, capacity 11676K, committed 11776K, reserved 1048576K
Event: 179.114 GC heap after
Heap after GC invocations=16 (full 3):
 PSYoungGen      total 369664K, used 32764K [0x00000000d5580000, 0x00000000f2900000, 0x0000000100000000)
  eden space 336896K, 0% used [0x00000000d5580000,0x00000000d5580000,0x00000000e9e80000)
  from space 32768K, 99% used [0x00000000e9e80000,0x00000000ebe7f370,0x00000000ebe80000)
  to   space 40448K, 0% used [0x00000000f0180000,0x00000000f0180000,0x00000000f2900000)
 ParOldGen       total 91648K, used 77919K [0x0000000080000000, 0x0000000085980000, 0x00000000d5580000)
  object space 91648K, 85% used [0x0000000080000000,0x0000000084c17c98,0x0000000085980000)
 Metaspace       used 82663K, capacity 86124K, committed 86232K, reserved 1124352K
  class space    used 11004K, capacity 11676K, committed 11776K, reserved 1048576K
}
Event: 179.114 GC heap before
{Heap before GC invocations=17 (full 4):
 PSYoungGen      total 369664K, used 32764K [0x00000000d5580000, 0x00000000f2900000, 0x0000000100000000)
  eden space 336896K, 0% used [0x00000000d5580000,0x00000000d5580000,0x00000000e9e80000)
  from space 32768K, 99% used [0x00000000e9e80000,0x00000000ebe7f370,0x00000000ebe80000)
  to   space 40448K, 0% used [0x00000000f0180000,0x00000000f0180000,0x00000000f2900000)
 ParOldGen       total 91648K, used 77919K [0x0000000080000000, 0x0000000085980000, 0x00000000d5580000)
  object space 91648K, 85% used [0x0000000080000000,0x0000000084c17c98,0x0000000085980000)
 Metaspace       used 82663K, capacity 86124K, committed 86232K, reserved 1124352K
  class space    used 11004K, capacity 11676K, committed 11776K, reserved 1048576K
Event: 179.896 GC heap after
Heap after GC invocations=17 (full 4):
 PSYoungGen      total 369664K, used 0K [0x00000000d5580000, 0x00000000f2900000, 0x0000000100000000)
  eden space 336896K, 0% used [0x00000000d5580000,0x00000000d5580000,0x00000000e9e80000)
  from space 32768K, 0% used [0x00000000e9e80000,0x00000000e9e80000,0x00000000ebe80000)
  to   space 40448K, 0% used [0x00000000f0180000,0x00000000f0180000,0x00000000f2900000)
 ParOldGen       total 154624K, used 78773K [0x0000000080000000, 0x0000000089700000, 0x00000000d5580000)
  object space 154624K, 50% used [0x0000000080000000,0x0000000084ced5b8,0x0000000089700000)
 Metaspace       used 82636K, capacity 86038K, committed 86232K, reserved 1124352K
  class space    used 10995K, capacity 11661K, committed 11776K, reserved 1048576K
}
Event: 259.230 GC heap before
{Heap before GC invocations=18 (full 4):
 PSYoungGen      total 369664K, used 336896K [0x00000000d5580000, 0x00000000f2900000, 0x0000000100000000)
  eden space 336896K, 100% used [0x00000000d5580000,0x00000000e9e80000,0x00000000e9e80000)
  from space 32768K, 0% used [0x00000000e9e80000,0x00000000e9e80000,0x00000000ebe80000)
  to   space 40448K, 0% used [0x00000000f0180000,0x00000000f0180000,0x00000000f2900000)
 ParOldGen       total 154624K, used 78773K [0x0000000080000000, 0x0000000089700000, 0x00000000d5580000)
  object space 154624K, 50% used [0x0000000080000000,0x0000000084ced5b8,0x0000000089700000)
 Metaspace       used 99046K, capacity 102646K, committed 102744K, reserved 1138688K
  class space    used 12662K, capacity 13370K, committed 13440K, reserved 1048576K
Event: 259.452 GC heap after
Heap after GC invocations=18 (full 4):
 PSYoungGen      total 438272K, used 22692K [0x00000000d5580000, 0x00000000f2980000, 0x0000000100000000)
  eden space 397824K, 0% used [0x00000000d5580000,0x00000000d5580000,0x00000000eda00000)
  from space 40448K, 56% used [0x00000000f0180000,0x00000000f17a9108,0x00000000f2900000)
  to   space 40448K, 0% used [0x00000000eda00000,0x00000000eda00000,0x00000000f0180000)
 ParOldGen       total 154624K, used 78781K [0x0000000080000000, 0x0000000089700000, 0x00000000d5580000)
  object space 154624K, 50% used [0x0000000080000000,0x0000000084cef5b8,0x0000000089700000)
 Metaspace       used 99046K, capacity 102646K, committed 102744K, reserved 1138688K
  class space    used 12662K, capacity 13370K, committed 13440K, reserved 1048576K
}

