# JRE version: OpenJDK Runtime Environment (8.0_202-b03) (build 1.8.0_202-release-1483-b03)
# Java VM: OpenJDK 64-Bit Server VM (25.202-b03 mixed mode windows-amd64 compressed oops)
Heap:
 PSYoungGen      total 391680K, used 382857K [0x00000000d5580000, 0x00000000f7500000, 0x0000000100000000)
  eden space 316928K, 97% used [0x00000000d5580000,0x00000000e8268c00,0x00000000e8b00000)
  from space 74752K, 99% used [0x00000000e8b00000,0x00000000ed3f9a28,0x00000000ed400000)
  to   space 97280K, 0% used [0x00000000f1600000,0x00000000f1600000,0x00000000f7500000)
 ParOldGen       total 201216K, used 129772K [0x0000000080000000, 0x000000008c480000, 0x00000000d5580000)
  object space 201216K, 64% used [0x0000000080000000,0x0000000087ebb048,0x000000008c480000)
 Metaspace       used 113988K, capacity 119222K, committed 119448K, reserved 1153024K
  class space    used 14488K, capacity 15491K, committed 15528K, reserved 1048576K
GC Heap History (10 events):
Event: 332.468 GC heap before
{Heap before GC invocations=36 (full 5):
 PSYoungGen      total 347648K, used 345395K [0x00000000d5580000, 0x00000000ee100000, 0x0000000100000000)
  eden space 307200K, 100% used [0x00000000d5580000,0x00000000e8180000,0x00000000e8180000)
  from space 40448K, 94% used [0x00000000eaf00000,0x00000000ed44cf20,0x00000000ed680000)
  to   space 46592K, 0% used [0x00000000e8180000,0x00000000e8180000,0x00000000eaf00000)
 ParOldGen       total 150528K, used 89641K [0x0000000080000000, 0x0000000089300000, 0x00000000d5580000)
  object space 150528K, 59% used [0x0000000080000000,0x000000008578a540,0x0000000089300000)
 Metaspace       used 111774K, capacity 116634K, committed 116760K, reserved 1150976K
  class space    used 14308K, capacity 15285K, committed 15400K, reserved 1048576K
Event: 332.522 GC heap after
Heap after GC invocations=36 (full 5):
 PSYoungGen      total 353792K, used 21450K [0x00000000d5580000, 0x00000000f0000000, 0x0000000100000000)
  eden space 307200K, 0% used [0x00000000d5580000,0x00000000d5580000,0x00000000e8180000)
  from space 46592K, 46% used [0x00000000e8180000,0x00000000e9672900,0x00000000eaf00000)
  to   space 45056K, 0% used [0x00000000ed400000,0x00000000ed400000,0x00000000f0000000)
 ParOldGen       total 150528K, used 101061K [0x0000000080000000, 0x0000000089300000, 0x00000000d5580000)
  object space 150528K, 67% used [0x0000000080000000,0x00000000862b15d8,0x0000000089300000)
 Metaspace       used 111774K, capacity 116634K, committed 116760K, reserved 1150976K
  class space    used 14308K, capacity 15285K, committed 15400K, reserved 1048576K
}
Event: 335.399 GC heap before
{Heap before GC invocations=37 (full 5):
 PSYoungGen      total 353792K, used 328650K [0x00000000d5580000, 0x00000000f0000000, 0x0000000100000000)
  eden space 307200K, 100% used [0x00000000d5580000,0x00000000e8180000,0x00000000e8180000)
  from space 46592K, 46% used [0x00000000e8180000,0x00000000e9672900,0x00000000eaf00000)
  to   space 45056K, 0% used [0x00000000ed400000,0x00000000ed400000,0x00000000f0000000)
 ParOldGen       total 150528K, used 101061K [0x0000000080000000, 0x0000000089300000, 0x00000000d5580000)
  object space 150528K, 67% used [0x0000000080000000,0x00000000862b15d8,0x0000000089300000)
 Metaspace       used 111816K, capacity 116704K, committed 117016K, reserved 1150976K
  class space    used 14308K, capacity 15286K, committed 15400K, reserved 1048576K
Event: 335.896 GC heap after
Heap after GC invocations=37 (full 5):
 PSYoungGen      total 361984K, used 45038K [0x00000000d5580000, 0x00000000f5880000, 0x0000000100000000)
  eden space 316928K, 0% used [0x00000000d5580000,0x00000000d5580000,0x00000000e8b00000)
  from space 45056K, 99% used [0x00000000ed400000,0x00000000efffb988,0x00000000f0000000)
  to   space 74752K, 0% used [0x00000000e8b00000,0x00000000e8b00000,0x00000000ed400000)
 ParOldGen       total 161280K, used 161201K [0x0000000080000000, 0x0000000089d80000, 0x00000000d5580000)
  object space 161280K, 99% used [0x0000000080000000,0x0000000089d6c740,0x0000000089d80000)
 Metaspace       used 111816K, capacity 116704K, committed 117016K, reserved 1150976K
  class space    used 14308K, capacity 15286K, committed 15400K, reserved 1048576K
}
Event: 335.975 GC heap before
{Heap before GC invocations=38 (full 6):
 PSYoungGen      total 361984K, used 45038K [0x00000000d5580000, 0x00000000f5880000, 0x0000000100000000)
  eden space 316928K, 0% used [0x00000000d5580000,0x00000000d5580000,0x00000000e8b00000)
  from space 45056K, 99% used [0x00000000ed400000,0x00000000efffb988,0x00000000f0000000)
  to   space 74752K, 0% used [0x00000000e8b00000,0x00000000e8b00000,0x00000000ed400000)
 ParOldGen       total 161280K, used 161201K [0x0000000080000000, 0x0000000089d80000, 0x00000000d5580000)
  object space 161280K, 99% used [0x0000000080000000,0x0000000089d6c740,0x0000000089d80000)
 Metaspace       used 111816K, capacity 116704K, committed 117016K, reserved 1150976K
  class space    used 14308K, capacity 15286K, committed 15400K, reserved 1048576K
Event: 338.987 GC heap after
Heap after GC invocations=38 (full 6):
 PSYoungGen      total 361984K, used 31195K [0x00000000d5580000, 0x00000000f5880000, 0x0000000100000000)
  eden space 316928K, 0% used [0x00000000d5580000,0x00000000d5580000,0x00000000e8b00000)
  from space 45056K, 69% used [0x00000000ed400000,0x00000000ef276d80,0x00000000f0000000)
  to   space 74752K, 0% used [0x00000000e8b00000,0x00000000e8b00000,0x00000000ed400000)
 ParOldGen       total 161280K, used 161165K [0x0000000080000000, 0x0000000089d80000, 0x00000000d5580000)
  object space 161280K, 99% used [0x0000000080000000,0x0000000089d63660,0x0000000089d80000)
 Metaspace       used 111645K, capacity 116334K, committed 117016K, reserved 1150976K
  class space    used 14245K, capacity 15173K, committed 15400K, reserved 1048576K
}
Event: 353.676 GC heap before
{Heap before GC invocations=39 (full 7):
 PSYoungGen      total 361984K, used 348123K [0x00000000d5580000, 0x00000000f5880000, 0x0000000100000000)
  eden space 316928K, 100% used [0x00000000d5580000,0x00000000e8b00000,0x00000000e8b00000)
  from space 45056K, 69% used [0x00000000ed400000,0x00000000ef276d80,0x00000000f0000000)
  to   space 74752K, 0% used [0x00000000e8b00000,0x00000000e8b00000,0x00000000ed400000)
 ParOldGen       total 161280K, used 161165K [0x0000000080000000, 0x0000000089d80000, 0x00000000d5580000)
  object space 161280K, 99% used [0x0000000080000000,0x0000000089d63660,0x0000000089d80000)
 Metaspace       used 113070K, capacity 118116K, committed 118296K, reserved 1153024K
  class space    used 14402K, capacity 15392K, committed 15400K, reserved 1048576K
Event: 354.227 GC heap after
Heap after GC invocations=39 (full 7):
 PSYoungGen      total 361984K, used 0K [0x00000000d5580000, 0x00000000f5880000, 0x0000000100000000)
  eden space 316928K, 0% used [0x00000000d5580000,0x00000000d5580000,0x00000000e8b00000)
  from space 45056K, 0% used [0x00000000ed400000,0x00000000ed400000,0x00000000f0000000)
  to   space 74752K, 0% used [0x00000000e8b00000,0x00000000e8b00000,0x00000000ed400000)
 ParOldGen       total 201216K, used 103408K [0x0000000080000000, 0x000000008c480000, 0x00000000d5580000)
  object space 201216K, 51% used [0x0000000080000000,0x00000000864fc080,0x000000008c480000)
 Metaspace       used 113070K, capacity 118116K, committed 118296K, reserved 1153024K
  class space    used 14402K, capacity 15392K, committed 15400K, reserved 1048576K
}
Event: 363.803 GC heap before
{Heap before GC invocations=40 (full 7):
 PSYoungGen      total 361984K, used 316928K [0x00000000d5580000, 0x00000000f5880000, 0x0000000100000000)
  eden space 316928K, 100% used [0x00000000d5580000,0x00000000e8b00000,0x00000000e8b00000)
  from space 45056K, 0% used [0x00000000ed400000,0x00000000ed400000,0x00000000f0000000)
  to   space 74752K, 0% used [0x00000000e8b00000,0x00000000e8b00000,0x00000000ed400000)
 ParOldGen       total 201216K, used 103408K [0x0000000080000000, 0x000000008c480000, 0x00000000d5580000)
  object space 201216K, 51% used [0x0000000080000000,0x00000000864fc080,0x000000008c480000)
 Metaspace       used 113821K, capacity 119054K, committed 119192K, reserved 1153024K
  class space    used 14482K, capacity 15483K, committed 15528K, reserved 1048576K
Event: 364.214 GC heap after
Heap after GC invocations=40 (full 7):
 PSYoungGen      total 391680K, used 74726K [0x00000000d5580000, 0x00000000f7500000, 0x0000000100000000)
  eden space 316928K, 0% used [0x00000000d5580000,0x00000000d5580000,0x00000000e8b00000)
  from space 74752K, 99% used [0x00000000e8b00000,0x00000000ed3f9a28,0x00000000ed400000)
  to   space 97280K, 0% used [0x00000000f1600000,0x00000000f1600000,0x00000000f7500000)
 ParOldGen       total 201216K, used 129772K [0x0000000080000000, 0x000000008c480000, 0x00000000d5580000)
  object space 201216K, 64% used [0x0000000080000000,0x0000000087ebb048,0x000000008c480000)
 Metaspace       used 113821K, capacity 119054K, committed 119192K, reserved 1153024K
  class space    used 14482K, capacity 15483K, committed 15528K, reserved 1048576K
}

