# JRE version: OpenJDK Runtime Environment (8.0_202-b03) (build 1.8.0_202-release-1483-b03)
# Java VM: OpenJDK 64-Bit Server VM (25.202-b03 mixed mode windows-amd64 compressed oops)
Heap:
 PSYoungGen      total 445952K, used 313656K [0x00000000d5580000, 0x00000000ff580000, 0x0000000100000000)
  eden space 370688K, 84% used [0x00000000d5580000,0x00000000e87ce118,0x00000000ebf80000)
  from space 75264K, 0% used [0x00000000ebf80000,0x00000000ebf80000,0x00000000f0900000)
  to   space 111104K, 0% used [0x00000000f8900000,0x00000000f8900000,0x00000000ff580000)
 ParOldGen       total 222208K, used 114168K [0x0000000080000000, 0x000000008d900000, 0x00000000d5580000)
  object space 222208K, 51% used [0x0000000080000000,0x0000000086f7e090,0x000000008d900000)
 Metaspace       used 128866K, capacity 134448K, committed 134808K, reserved 1167360K
  class space    used 15871K, capacity 16946K, committed 17064K, reserved 1048576K
GC Heap History (10 events):
Event: 4204.426 GC heap before
{Heap before GC invocations=36 (full 5):
 PSYoungGen      total 403968K, used 389438K [0x00000000d5580000, 0x00000000f4180000, 0x0000000100000000)
  eden space 331264K, 100% used [0x00000000d5580000,0x00000000e9900000,0x00000000e9900000)
  from space 72704K, 80% used [0x00000000ee680000,0x00000000f1f4f820,0x00000000f2d80000)
  to   space 79360K, 0% used [0x00000000e9900000,0x00000000e9900000,0x00000000ee680000)
 ParOldGen       total 161792K, used 87408K [0x0000000080000000, 0x0000000089e00000, 0x00000000d5580000)
  object space 161792K, 54% used [0x0000000080000000,0x000000008555c290,0x0000000089e00000)
 Metaspace       used 126702K, capacity 131796K, committed 131864K, reserved 1165312K
  class space    used 15627K, capacity 16644K, committed 16680K, reserved 1048576K
Event: 4205.283 GC heap after
Heap after GC invocations=36 (full 5):
 PSYoungGen      total 410624K, used 45299K [0x00000000d5580000, 0x00000000f5700000, 0x0000000100000000)
  eden space 331264K, 0% used [0x00000000d5580000,0x00000000d5580000,0x00000000e9900000)
  from space 79360K, 57% used [0x00000000e9900000,0x00000000ec53ce38,0x00000000ee680000)
  to   space 79872K, 0% used [0x00000000f0900000,0x00000000f0900000,0x00000000f5700000)
 ParOldGen       total 161792K, used 87416K [0x0000000080000000, 0x0000000089e00000, 0x00000000d5580000)
  object space 161792K, 54% used [0x0000000080000000,0x000000008555e290,0x0000000089e00000)
 Metaspace       used 126702K, capacity 131796K, committed 131864K, reserved 1165312K
  class space    used 15627K, capacity 16644K, committed 16680K, reserved 1048576K
}
Event: 4212.310 GC heap before
{Heap before GC invocations=37 (full 5):
 PSYoungGen      total 410624K, used 376563K [0x00000000d5580000, 0x00000000f5700000, 0x0000000100000000)
  eden space 331264K, 100% used [0x00000000d5580000,0x00000000e9900000,0x00000000e9900000)
  from space 79360K, 57% used [0x00000000e9900000,0x00000000ec53ce38,0x00000000ee680000)
  to   space 79872K, 0% used [0x00000000f0900000,0x00000000f0900000,0x00000000f5700000)
 ParOldGen       total 161792K, used 87416K [0x0000000080000000, 0x0000000089e00000, 0x00000000d5580000)
  object space 161792K, 54% used [0x0000000080000000,0x000000008555e290,0x0000000089e00000)
 Metaspace       used 126764K, capacity 131868K, committed 132120K, reserved 1165312K
  class space    used 15627K, capacity 16644K, committed 16680K, reserved 1048576K
Event: 4212.588 GC heap after
Heap after GC invocations=37 (full 5):
 PSYoungGen      total 450560K, used 31516K [0x00000000d5580000, 0x00000000f5a80000, 0x0000000100000000)
  eden space 370688K, 0% used [0x00000000d5580000,0x00000000d5580000,0x00000000ebf80000)
  from space 79872K, 39% used [0x00000000f0900000,0x00000000f27c72a8,0x00000000f5700000)
  to   space 75264K, 0% used [0x00000000ebf80000,0x00000000ebf80000,0x00000000f0900000)
 ParOldGen       total 161792K, used 87424K [0x0000000080000000, 0x0000000089e00000, 0x00000000d5580000)
  object space 161792K, 54% used [0x0000000080000000,0x0000000085560290,0x0000000089e00000)
 Metaspace       used 126764K, capacity 131868K, committed 132120K, reserved 1165312K
  class space    used 15627K, capacity 16644K, committed 16680K, reserved 1048576K
}
Event: 4218.089 GC heap before
{Heap before GC invocations=38 (full 5):
 PSYoungGen      total 450560K, used 402204K [0x00000000d5580000, 0x00000000f5a80000, 0x0000000100000000)
  eden space 370688K, 100% used [0x00000000d5580000,0x00000000ebf80000,0x00000000ebf80000)
  from space 79872K, 39% used [0x00000000f0900000,0x00000000f27c72a8,0x00000000f5700000)
  to   space 75264K, 0% used [0x00000000ebf80000,0x00000000ebf80000,0x00000000f0900000)
 ParOldGen       total 161792K, used 87424K [0x0000000080000000, 0x0000000089e00000, 0x00000000d5580000)
  object space 161792K, 54% used [0x0000000080000000,0x0000000085560290,0x0000000089e00000)
 Metaspace       used 127374K, capacity 132570K, committed 132760K, reserved 1165312K
  class space    used 15717K, capacity 16731K, committed 16808K, reserved 1048576K
Event: 4221.342 GC heap after
Heap after GC invocations=38 (full 5):
 PSYoungGen      total 445952K, used 75248K [0x00000000d5580000, 0x00000000ff580000, 0x0000000100000000)
  eden space 370688K, 0% used [0x00000000d5580000,0x00000000d5580000,0x00000000ebf80000)
  from space 75264K, 99% used [0x00000000ebf80000,0x00000000f08fc198,0x00000000f0900000)
  to   space 111104K, 0% used [0x00000000f8900000,0x00000000f8900000,0x00000000ff580000)
 ParOldGen       total 161792K, used 152231K [0x0000000080000000, 0x0000000089e00000, 0x00000000d5580000)
  object space 161792K, 94% used [0x0000000080000000,0x00000000894a9c18,0x0000000089e00000)
 Metaspace       used 127374K, capacity 132570K, committed 132760K, reserved 1165312K
  class space    used 15717K, capacity 16731K, committed 16808K, reserved 1048576K
}
Event: 4221.342 GC heap before
{Heap before GC invocations=39 (full 6):
 PSYoungGen      total 445952K, used 75248K [0x00000000d5580000, 0x00000000ff580000, 0x0000000100000000)
  eden space 370688K, 0% used [0x00000000d5580000,0x00000000d5580000,0x00000000ebf80000)
  from space 75264K, 99% used [0x00000000ebf80000,0x00000000f08fc198,0x00000000f0900000)
  to   space 111104K, 0% used [0x00000000f8900000,0x00000000f8900000,0x00000000ff580000)
 ParOldGen       total 161792K, used 152231K [0x0000000080000000, 0x0000000089e00000, 0x00000000d5580000)
  object space 161792K, 94% used [0x0000000080000000,0x00000000894a9c18,0x0000000089e00000)
 Metaspace       used 127374K, capacity 132570K, committed 132760K, reserved 1165312K
  class space    used 15717K, capacity 16731K, committed 16808K, reserved 1048576K
Event: 4224.217 GC heap after
Heap after GC invocations=39 (full 6):
 PSYoungGen      total 445952K, used 29289K [0x00000000d5580000, 0x00000000ff580000, 0x0000000100000000)
  eden space 370688K, 0% used [0x00000000d5580000,0x00000000d5580000,0x00000000ebf80000)
  from space 75264K, 38% used [0x00000000ebf80000,0x00000000edc1a7a8,0x00000000f0900000)
  to   space 111104K, 0% used [0x00000000f8900000,0x00000000f8900000,0x00000000ff580000)
 ParOldGen       total 161792K, used 161296K [0x0000000080000000, 0x0000000089e00000, 0x00000000d5580000)
  object space 161792K, 99% used [0x0000000080000000,0x0000000089d84328,0x0000000089e00000)
 Metaspace       used 127354K, capacity 132534K, committed 132760K, reserved 1165312K
  class space    used 15709K, capacity 16717K, committed 16808K, reserved 1048576K
}
Event: 4233.812 GC heap before
{Heap before GC invocations=40 (full 7):
 PSYoungGen      total 445952K, used 399940K [0x00000000d5580000, 0x00000000ff580000, 0x0000000100000000)
  eden space 370688K, 99% used [0x00000000d5580000,0x00000000ebf76b10,0x00000000ebf80000)
  from space 75264K, 38% used [0x00000000ebf80000,0x00000000edc1a7a8,0x00000000f0900000)
  to   space 111104K, 0% used [0x00000000f8900000,0x00000000f8900000,0x00000000ff580000)
 ParOldGen       total 161792K, used 161296K [0x0000000080000000, 0x0000000089e00000, 0x00000000d5580000)
  object space 161792K, 99% used [0x0000000080000000,0x0000000089d84328,0x0000000089e00000)
 Metaspace       used 128741K, capacity 134304K, committed 134552K, reserved 1167360K
  class space    used 15869K, capacity 16944K, committed 17064K, reserved 1048576K
Event: 4234.554 GC heap after
Heap after GC invocations=40 (full 7):
 PSYoungGen      total 445952K, used 0K [0x00000000d5580000, 0x00000000ff580000, 0x0000000100000000)
  eden space 370688K, 0% used [0x00000000d5580000,0x00000000d5580000,0x00000000ebf80000)
  from space 75264K, 0% used [0x00000000ebf80000,0x00000000ebf80000,0x00000000f0900000)
  to   space 111104K, 0% used [0x00000000f8900000,0x00000000f8900000,0x00000000ff580000)
 ParOldGen       total 222208K, used 114168K [0x0000000080000000, 0x000000008d900000, 0x00000000d5580000)
  object space 222208K, 51% used [0x0000000080000000,0x0000000086f7e090,0x000000008d900000)
 Metaspace       used 128741K, capacity 134304K, committed 134552K, reserved 1167360K
  class space    used 15869K, capacity 16944K, committed 17064K, reserved 1048576K
}

