# JRE version: OpenJDK Runtime Environment (8.0_202-b03) (build 1.8.0_202-release-1483-b03)
# Java VM: OpenJDK 64-Bit Server VM (25.202-b03 mixed mode windows-amd64 compressed oops)
Heap:
 PSYoungGen      total 305152K, used 14594K [0x00000000d5580000, 0x00000000f0000000, 0x0000000100000000)
  eden space 180736K, 2% used [0x00000000d5580000,0x00000000d5a25e88,0x00000000e0600000)
  from space 124416K, 7% used [0x00000000e8680000,0x00000000e901ab48,0x00000000f0000000)
  to   space 128000K, 0% used [0x00000000e0600000,0x00000000e0600000,0x00000000e8300000)
 ParOldGen       total 141824K, used 88945K [0x0000000080000000, 0x0000000088a80000, 0x00000000d5580000)
  object space 141824K, 62% used [0x0000000080000000,0x00000000856dc408,0x0000000088a80000)
 Metaspace       used 118657K, capacity 124108K, committed 124248K, reserved 1157120K
  class space    used 14910K, capacity 15958K, committed 16000K, reserved 1048576K
GC Heap History (10 events):
Event: 281.913 GC heap before
{Heap before GC invocations=50 (full 8):
 PSYoungGen      total 281600K, used 172031K [0x00000000d5580000, 0x00000000f1980000, 0x0000000100000000)
  eden space 173056K, 99% used [0x00000000d5580000,0x00000000dfd7fc60,0x00000000dfe80000)
  from space 108544K, 0% used [0x00000000e8000000,0x00000000e8000000,0x00000000eea00000)
  to   space 132608K, 0% used [0x00000000dfe80000,0x00000000dfe80000,0x00000000e8000000)
 ParOldGen       total 141824K, used 141804K [0x0000000080000000, 0x0000000088a80000, 0x00000000d5580000)
  object space 141824K, 99% used [0x0000000080000000,0x0000000088a7b140,0x0000000088a80000)
 Metaspace       used 113517K, capacity 118706K, committed 118872K, reserved 1153024K
  class space    used 14475K, capacity 15477K, committed 15488K, reserved 1048576K
Event: 283.540 GC heap after
Heap after GC invocations=50 (full 8):
 PSYoungGen      total 281600K, used 55870K [0x00000000d5580000, 0x00000000f1980000, 0x0000000100000000)
  eden space 173056K, 32% used [0x00000000d5580000,0x00000000d8c0fbd8,0x00000000dfe80000)
  from space 108544K, 0% used [0x00000000e8000000,0x00000000e8000000,0x00000000eea00000)
  to   space 132608K, 0% used [0x00000000dfe80000,0x00000000dfe80000,0x00000000e8000000)
 ParOldGen       total 141824K, used 141453K [0x0000000080000000, 0x0000000088a80000, 0x00000000d5580000)
  object space 141824K, 99% used [0x0000000080000000,0x0000000088a236c0,0x0000000088a80000)
 Metaspace       used 113517K, capacity 118706K, committed 118872K, reserved 1153024K
  class space    used 14475K, capacity 15477K, committed 15488K, reserved 1048576K
}
Event: 285.360 GC heap before
{Heap before GC invocations=51 (full 9):
 PSYoungGen      total 281600K, used 173056K [0x00000000d5580000, 0x00000000f1980000, 0x0000000100000000)
  eden space 173056K, 100% used [0x00000000d5580000,0x00000000dfe80000,0x00000000dfe80000)
  from space 108544K, 0% used [0x00000000e8000000,0x00000000e8000000,0x00000000eea00000)
  to   space 132608K, 0% used [0x00000000dfe80000,0x00000000dfe80000,0x00000000e8000000)
 ParOldGen       total 141824K, used 141453K [0x0000000080000000, 0x0000000088a80000, 0x00000000d5580000)
  object space 141824K, 99% used [0x0000000080000000,0x0000000088a236c0,0x0000000088a80000)
 Metaspace       used 113636K, capacity 118868K, committed 118872K, reserved 1153024K
  class space    used 14480K, capacity 15484K, committed 15488K, reserved 1048576K
Event: 286.834 GC heap after
Heap after GC invocations=51 (full 9):
 PSYoungGen      total 281600K, used 68840K [0x00000000d5580000, 0x00000000f1980000, 0x0000000100000000)
  eden space 173056K, 39% used [0x00000000d5580000,0x00000000d98ba310,0x00000000dfe80000)
  from space 108544K, 0% used [0x00000000e8000000,0x00000000e8000000,0x00000000eea00000)
  to   space 132608K, 0% used [0x00000000dfe80000,0x00000000dfe80000,0x00000000e8000000)
 ParOldGen       total 141824K, used 141498K [0x0000000080000000, 0x0000000088a80000, 0x00000000d5580000)
  object space 141824K, 99% used [0x0000000080000000,0x0000000088a2e988,0x0000000088a80000)
 Metaspace       used 113636K, capacity 118868K, committed 118872K, reserved 1153024K
  class space    used 14480K, capacity 15484K, committed 15488K, reserved 1048576K
}
Event: 288.833 GC heap before
{Heap before GC invocations=52 (full 10):
 PSYoungGen      total 281600K, used 173054K [0x00000000d5580000, 0x00000000f1980000, 0x0000000100000000)
  eden space 173056K, 99% used [0x00000000d5580000,0x00000000dfe7fb00,0x00000000dfe80000)
  from space 108544K, 0% used [0x00000000e8000000,0x00000000e8000000,0x00000000eea00000)
  to   space 132608K, 0% used [0x00000000dfe80000,0x00000000dfe80000,0x00000000e8000000)
 ParOldGen       total 141824K, used 141498K [0x0000000080000000, 0x0000000088a80000, 0x00000000d5580000)
  object space 141824K, 99% used [0x0000000080000000,0x0000000088a2e988,0x0000000088a80000)
 Metaspace       used 113705K, capacity 118946K, committed 119128K, reserved 1153024K
  class space    used 14487K, capacity 15487K, committed 15488K, reserved 1048576K
Event: 289.249 GC heap after
Heap after GC invocations=52 (full 10):
 PSYoungGen      total 281600K, used 0K [0x00000000d5580000, 0x00000000f1980000, 0x0000000100000000)
  eden space 173056K, 0% used [0x00000000d5580000,0x00000000d5580000,0x00000000dfe80000)
  from space 108544K, 0% used [0x00000000e8000000,0x00000000e8000000,0x00000000eea00000)
  to   space 132608K, 0% used [0x00000000dfe80000,0x00000000dfe80000,0x00000000e8000000)
 ParOldGen       total 141824K, used 88929K [0x0000000080000000, 0x0000000088a80000, 0x00000000d5580000)
  object space 141824K, 62% used [0x0000000080000000,0x00000000856d8408,0x0000000088a80000)
 Metaspace       used 113705K, capacity 118946K, committed 119128K, reserved 1153024K
  class space    used 14487K, capacity 15487K, committed 15488K, reserved 1048576K
}
Event: 312.522 GC heap before
{Heap before GC invocations=53 (full 10):
 PSYoungGen      total 281600K, used 173056K [0x00000000d5580000, 0x00000000f1980000, 0x0000000100000000)
  eden space 173056K, 100% used [0x00000000d5580000,0x00000000dfe80000,0x00000000dfe80000)
  from space 108544K, 0% used [0x00000000e8000000,0x00000000e8000000,0x00000000eea00000)
  to   space 132608K, 0% used [0x00000000dfe80000,0x00000000dfe80000,0x00000000e8000000)
 ParOldGen       total 141824K, used 88929K [0x0000000080000000, 0x0000000088a80000, 0x00000000d5580000)
  object space 141824K, 62% used [0x0000000080000000,0x00000000856d8408,0x0000000088a80000)
 Metaspace       used 118239K, capacity 123664K, committed 123992K, reserved 1157120K
  class space    used 14900K, capacity 15940K, committed 16000K, reserved 1048576K
Event: 312.544 GC heap after
Heap after GC invocations=53 (full 10):
 PSYoungGen      total 305664K, used 16090K [0x00000000d5580000, 0x00000000f0580000, 0x0000000100000000)
  eden space 173056K, 0% used [0x00000000d5580000,0x00000000d5580000,0x00000000dfe80000)
  from space 132608K, 12% used [0x00000000dfe80000,0x00000000e0e36990,0x00000000e8000000)
  to   space 130048K, 0% used [0x00000000e8680000,0x00000000e8680000,0x00000000f0580000)
 ParOldGen       total 141824K, used 88937K [0x0000000080000000, 0x0000000088a80000, 0x00000000d5580000)
  object space 141824K, 62% used [0x0000000080000000,0x00000000856da408,0x0000000088a80000)
 Metaspace       used 118239K, capacity 123664K, committed 123992K, reserved 1157120K
  class space    used 14900K, capacity 15940K, committed 16000K, reserved 1048576K
}
Event: 564.125 GC heap before
{Heap before GC invocations=54 (full 10):
 PSYoungGen      total 305664K, used 189146K [0x00000000d5580000, 0x00000000f0580000, 0x0000000100000000)
  eden space 173056K, 100% used [0x00000000d5580000,0x00000000dfe80000,0x00000000dfe80000)
  from space 132608K, 12% used [0x00000000dfe80000,0x00000000e0e36990,0x00000000e8000000)
  to   space 130048K, 0% used [0x00000000e8680000,0x00000000e8680000,0x00000000f0580000)
 ParOldGen       total 141824K, used 88937K [0x0000000080000000, 0x0000000088a80000, 0x00000000d5580000)
  object space 141824K, 62% used [0x0000000080000000,0x00000000856da408,0x0000000088a80000)
 Metaspace       used 118650K, capacity 124108K, committed 124248K, reserved 1157120K
  class space    used 14910K, capacity 15958K, committed 16000K, reserved 1048576K
Event: 568.466 GC heap after
Heap after GC invocations=54 (full 10):
 PSYoungGen      total 305152K, used 9834K [0x00000000d5580000, 0x00000000f0000000, 0x0000000100000000)
  eden space 180736K, 0% used [0x00000000d5580000,0x00000000d5580000,0x00000000e0600000)
  from space 124416K, 7% used [0x00000000e8680000,0x00000000e901ab48,0x00000000f0000000)
  to   space 128000K, 0% used [0x00000000e0600000,0x00000000e0600000,0x00000000e8300000)
 ParOldGen       total 141824K, used 88945K [0x0000000080000000, 0x0000000088a80000, 0x00000000d5580000)
  object space 141824K, 62% used [0x0000000080000000,0x00000000856dc408,0x0000000088a80000)
 Metaspace       used 118650K, capacity 124108K, committed 124248K, reserved 1157120K
  class space    used 14910K, capacity 15958K, committed 16000K, reserved 1048576K
}

