# JRE version: OpenJDK Runtime Environment (8.0_202-b03) (build 1.8.0_202-release-1483-b03)
# Java VM: OpenJDK 64-Bit Server VM (25.202-b03 mixed mode windows-amd64 compressed oops)
Heap:
 PSYoungGen      total 528896K, used 78004K [0x00000000d5580000, 0x0000000100000000, 0x0000000100000000)
  eden space 480256K, 11% used [0x00000000d5580000,0x00000000d8a94760,0x00000000f2a80000)
  from space 48640K, 48% used [0x00000000f7f80000,0x00000000f9698998,0x00000000faf00000)
  to   space 87040K, 0% used [0x00000000f2a80000,0x00000000f2a80000,0x00000000f7f80000)
 ParOldGen       total 274432K, used 183471K [0x0000000080000000, 0x0000000090c00000, 0x00000000d5580000)
  object space 274432K, 66% used [0x0000000080000000,0x000000008b32be88,0x0000000090c00000)
 Metaspace       used 98246K, capacity 102916K, committed 103128K, reserved 1138688K
  class space    used 12913K, capacity 13820K, committed 13824K, reserved 1048576K
GC Heap History (10 events):
Event: 310.438 GC heap before
{Heap before GC invocations=19 (full 4):
 PSYoungGen      total 395776K, used 28589K [0x00000000d5580000, 0x00000000f5d00000, 0x0000000100000000)
  eden space 365568K, 0% used [0x00000000d5580000,0x00000000d5580000,0x00000000eba80000)
  from space 30208K, 94% used [0x00000000eba80000,0x00000000ed66b608,0x00000000ed800000)
  to   space 34304K, 0% used [0x00000000f3b80000,0x00000000f3b80000,0x00000000f5d00000)
 ParOldGen       total 76288K, used 69654K [0x0000000080000000, 0x0000000084a80000, 0x00000000d5580000)
  object space 76288K, 91% used [0x0000000080000000,0x00000000844059c0,0x0000000084a80000)
 Metaspace       used 83656K, capacity 87094K, committed 87384K, reserved 1124352K
  class space    used 11104K, capacity 11777K, committed 11904K, reserved 1048576K
Event: 313.372 GC heap after
Heap after GC invocations=19 (full 4):
 PSYoungGen      total 395776K, used 9236K [0x00000000d5580000, 0x00000000f5d00000, 0x0000000100000000)
  eden space 365568K, 0% used [0x00000000d5580000,0x00000000d5580000,0x00000000eba80000)
  from space 30208K, 30% used [0x00000000eba80000,0x00000000ec385000,0x00000000ed800000)
  to   space 34304K, 0% used [0x00000000f3b80000,0x00000000f3b80000,0x00000000f5d00000)
 ParOldGen       total 128000K, used 75821K [0x0000000080000000, 0x0000000087d00000, 0x00000000d5580000)
  object space 128000K, 59% used [0x0000000080000000,0x0000000084a0b768,0x0000000087d00000)
 Metaspace       used 83641K, capacity 87052K, committed 87384K, reserved 1124352K
  class space    used 11099K, capacity 11768K, committed 11904K, reserved 1048576K
}
Event: 349.872 GC heap before
{Heap before GC invocations=20 (full 4):
 PSYoungGen      total 395776K, used 374804K [0x00000000d5580000, 0x00000000f5d00000, 0x0000000100000000)
  eden space 365568K, 100% used [0x00000000d5580000,0x00000000eba80000,0x00000000eba80000)
  from space 30208K, 30% used [0x00000000eba80000,0x00000000ec385000,0x00000000ed800000)
  to   space 34304K, 0% used [0x00000000f3b80000,0x00000000f3b80000,0x00000000f5d00000)
 ParOldGen       total 128000K, used 75821K [0x0000000080000000, 0x0000000087d00000, 0x00000000d5580000)
  object space 128000K, 59% used [0x0000000080000000,0x0000000084a0b768,0x0000000087d00000)
 Metaspace       used 86555K, capacity 90030K, committed 90200K, reserved 1128448K
  class space    used 11373K, capacity 12069K, committed 12160K, reserved 1048576K
Event: 350.049 GC heap after
Heap after GC invocations=20 (full 4):
 PSYoungGen      total 486912K, used 34299K [0x00000000d5580000, 0x00000000f6900000, 0x0000000100000000)
  eden space 452608K, 0% used [0x00000000d5580000,0x00000000d5580000,0x00000000f0f80000)
  from space 34304K, 99% used [0x00000000f3b80000,0x00000000f5cfec68,0x00000000f5d00000)
  to   space 45056K, 0% used [0x00000000f0f80000,0x00000000f0f80000,0x00000000f3b80000)
 ParOldGen       total 128000K, used 89345K [0x0000000080000000, 0x0000000087d00000, 0x00000000d5580000)
  object space 128000K, 69% used [0x0000000080000000,0x00000000857407f8,0x0000000087d00000)
 Metaspace       used 86555K, capacity 90030K, committed 90200K, reserved 1128448K
  class space    used 11373K, capacity 12069K, committed 12160K, reserved 1048576K
}
Event: 408.950 GC heap before
{Heap before GC invocations=21 (full 4):
 PSYoungGen      total 486912K, used 486907K [0x00000000d5580000, 0x00000000f6900000, 0x0000000100000000)
  eden space 452608K, 100% used [0x00000000d5580000,0x00000000f0f80000,0x00000000f0f80000)
  from space 34304K, 99% used [0x00000000f3b80000,0x00000000f5cfec68,0x00000000f5d00000)
  to   space 45056K, 0% used [0x00000000f0f80000,0x00000000f0f80000,0x00000000f3b80000)
 ParOldGen       total 128000K, used 89345K [0x0000000080000000, 0x0000000087d00000, 0x00000000d5580000)
  object space 128000K, 69% used [0x0000000080000000,0x00000000857407f8,0x0000000087d00000)
 Metaspace       used 97419K, capacity 101970K, committed 102104K, reserved 1138688K
  class space    used 12818K, capacity 13699K, committed 13824K, reserved 1048576K
Event: 409.135 GC heap after
Heap after GC invocations=21 (full 4):
 PSYoungGen      total 497664K, used 34215K [0x00000000d5580000, 0x00000000faf00000, 0x0000000100000000)
  eden space 452608K, 0% used [0x00000000d5580000,0x00000000d5580000,0x00000000f0f80000)
  from space 45056K, 75% used [0x00000000f0f80000,0x00000000f30e9fe0,0x00000000f3b80000)
  to   space 48640K, 0% used [0x00000000f7f80000,0x00000000f7f80000,0x00000000faf00000)
 ParOldGen       total 128000K, used 101767K [0x0000000080000000, 0x0000000087d00000, 0x00000000d5580000)
  object space 128000K, 79% used [0x0000000080000000,0x0000000086361c68,0x0000000087d00000)
 Metaspace       used 97419K, capacity 101970K, committed 102104K, reserved 1138688K
  class space    used 12818K, capacity 13699K, committed 13824K, reserved 1048576K
}
Event: 431.113 GC heap before
{Heap before GC invocations=22 (full 4):
 PSYoungGen      total 497664K, used 486823K [0x00000000d5580000, 0x00000000faf00000, 0x0000000100000000)
  eden space 452608K, 100% used [0x00000000d5580000,0x00000000f0f80000,0x00000000f0f80000)
  from space 45056K, 75% used [0x00000000f0f80000,0x00000000f30e9fe0,0x00000000f3b80000)
  to   space 48640K, 0% used [0x00000000f7f80000,0x00000000f7f80000,0x00000000faf00000)
 ParOldGen       total 128000K, used 101767K [0x0000000080000000, 0x0000000087d00000, 0x00000000d5580000)
  object space 128000K, 79% used [0x0000000080000000,0x0000000086361c68,0x0000000087d00000)
 Metaspace       used 98239K, capacity 102906K, committed 103128K, reserved 1138688K
  class space    used 12911K, capacity 13819K, committed 13824K, reserved 1048576K
Event: 432.207 GC heap after
Heap after GC invocations=22 (full 4):
 PSYoungGen      total 528896K, used 48619K [0x00000000d5580000, 0x0000000100000000, 0x0000000100000000)
  eden space 480256K, 0% used [0x00000000d5580000,0x00000000d5580000,0x00000000f2a80000)
  from space 48640K, 99% used [0x00000000f7f80000,0x00000000faefaea8,0x00000000faf00000)
  to   space 87040K, 0% used [0x00000000f2a80000,0x00000000f2a80000,0x00000000f7f80000)
 ParOldGen       total 183808K, used 183772K [0x0000000080000000, 0x000000008b380000, 0x00000000d5580000)
  object space 183808K, 99% used [0x0000000080000000,0x000000008b377208,0x000000008b380000)
 Metaspace       used 98239K, capacity 102906K, committed 103128K, reserved 1138688K
  class space    used 12911K, capacity 13819K, committed 13824K, reserved 1048576K
}
Event: 432.265 GC heap before
{Heap before GC invocations=23 (full 5):
 PSYoungGen      total 528896K, used 48619K [0x00000000d5580000, 0x0000000100000000, 0x0000000100000000)
  eden space 480256K, 0% used [0x00000000d5580000,0x00000000d5580000,0x00000000f2a80000)
  from space 48640K, 99% used [0x00000000f7f80000,0x00000000faefaea8,0x00000000faf00000)
  to   space 87040K, 0% used [0x00000000f2a80000,0x00000000f2a80000,0x00000000f7f80000)
 ParOldGen       total 183808K, used 183772K [0x0000000080000000, 0x000000008b380000, 0x00000000d5580000)
  object space 183808K, 99% used [0x0000000080000000,0x000000008b377208,0x000000008b380000)
 Metaspace       used 98239K, capacity 102906K, committed 103128K, reserved 1138688K
  class space    used 12911K, capacity 13819K, committed 13824K, reserved 1048576K
Event: 437.191 GC heap after
Heap after GC invocations=23 (full 5):
 PSYoungGen      total 528896K, used 23650K [0x00000000d5580000, 0x0000000100000000, 0x0000000100000000)
  eden space 480256K, 0% used [0x00000000d5580000,0x00000000d5580000,0x00000000f2a80000)
  from space 48640K, 48% used [0x00000000f7f80000,0x00000000f9698998,0x00000000faf00000)
  to   space 87040K, 0% used [0x00000000f2a80000,0x00000000f2a80000,0x00000000f7f80000)
 ParOldGen       total 274432K, used 183471K [0x0000000080000000, 0x0000000090c00000, 0x00000000d5580000)
  object space 274432K, 66% used [0x0000000080000000,0x000000008b32be88,0x0000000090c00000)
 Metaspace       used 98239K, capacity 102906K, committed 103128K, reserved 1138688K
  class space    used 12911K, capacity 13819K, committed 13824K, reserved 1048576K
}

