# JRE version: OpenJDK Runtime Environment (8.0_202-b03) (build 1.8.0_202-release-1483-b03)
# Java VM: OpenJDK 64-Bit Server VM (25.202-b03 mixed mode windows-amd64 compressed oops)
Heap:
 PSYoungGen      total 120832K, used 57844K [0x00000000eb200000, 0x00000000f3f00000, 0x0000000100000000)
  eden space 101376K, 57% used [0x00000000eb200000,0x00000000eea7d2b8,0x00000000f1500000)
  from space 19456K, 0% used [0x00000000f2b00000,0x00000000f2b00000,0x00000000f3e00000)
  to   space 21504K, 0% used [0x00000000f1500000,0x00000000f1500000,0x00000000f2a00000)
 ParOldGen       total 79872K, used 34910K [0x00000000c1600000, 0x00000000c6400000, 0x00000000eb200000)
  object space 79872K, 43% used [0x00000000c1600000,0x00000000c3817bd0,0x00000000c6400000)
 Metaspace       used 40435K, capacity 41234K, committed 41600K, reserved 1085440K
  class space    used 4903K, capacity 5129K, committed 5248K, reserved 1048576K
GC Heap History (10 events):
Event: 3.892 GC heap before
{Heap before GC invocations=6 (full 0):
 PSYoungGen      total 35328K, used 3971K [0x00000000eb200000, 0x00000000f1400000, 0x0000000100000000)
  eden space 32768K, 4% used [0x00000000eb200000,0x00000000eb364f68,0x00000000ed200000)
  from space 2560K, 99% used [0x00000000ed200000,0x00000000ed47c050,0x00000000ed480000)
  to   space 17408K, 0% used [0x00000000f0300000,0x00000000f0300000,0x00000000f1400000)
 ParOldGen       total 44032K, used 27966K [0x00000000c1600000, 0x00000000c4100000, 0x00000000eb200000)
  object space 44032K, 63% used [0x00000000c1600000,0x00000000c314fa20,0x00000000c4100000)
 Metaspace       used 20701K, capacity 21108K, committed 21296K, reserved 1069056K
  class space    used 2341K, capacity 2459K, committed 2560K, reserved 1048576K
Event: 3.920 GC heap after
Heap after GC invocations=6 (full 0):
 PSYoungGen      total 81920K, used 2940K [0x00000000eb200000, 0x00000000f1300000, 0x0000000100000000)
  eden space 65536K, 0% used [0x00000000eb200000,0x00000000eb200000,0x00000000ef200000)
  from space 16384K, 17% used [0x00000000f0300000,0x00000000f05df200,0x00000000f1300000)
  to   space 16896K, 0% used [0x00000000ef200000,0x00000000ef200000,0x00000000f0280000)
 ParOldGen       total 44032K, used 27966K [0x00000000c1600000, 0x00000000c4100000, 0x00000000eb200000)
  object space 44032K, 63% used [0x00000000c1600000,0x00000000c314fa20,0x00000000c4100000)
 Metaspace       used 20701K, capacity 21108K, committed 21296K, reserved 1069056K
  class space    used 2341K, capacity 2459K, committed 2560K, reserved 1048576K
}
Event: 3.920 GC heap before
{Heap before GC invocations=7 (full 1):
 PSYoungGen      total 81920K, used 2940K [0x00000000eb200000, 0x00000000f1300000, 0x0000000100000000)
  eden space 65536K, 0% used [0x00000000eb200000,0x00000000eb200000,0x00000000ef200000)
  from space 16384K, 17% used [0x00000000f0300000,0x00000000f05df200,0x00000000f1300000)
  to   space 16896K, 0% used [0x00000000ef200000,0x00000000ef200000,0x00000000f0280000)
 ParOldGen       total 44032K, used 27966K [0x00000000c1600000, 0x00000000c4100000, 0x00000000eb200000)
  object space 44032K, 63% used [0x00000000c1600000,0x00000000c314fa20,0x00000000c4100000)
 Metaspace       used 20701K, capacity 21108K, committed 21296K, reserved 1069056K
  class space    used 2341K, capacity 2459K, committed 2560K, reserved 1048576K
Event: 4.163 GC heap after
Heap after GC invocations=7 (full 1):
 PSYoungGen      total 81920K, used 0K [0x00000000eb200000, 0x00000000f1300000, 0x0000000100000000)
  eden space 65536K, 0% used [0x00000000eb200000,0x00000000eb200000,0x00000000ef200000)
  from space 16384K, 0% used [0x00000000f0300000,0x00000000f0300000,0x00000000f1300000)
  to   space 16896K, 0% used [0x00000000ef200000,0x00000000ef200000,0x00000000f0280000)
 ParOldGen       total 62976K, used 26761K [0x00000000c1600000, 0x00000000c5380000, 0x00000000eb200000)
  object space 62976K, 42% used [0x00000000c1600000,0x00000000c30226a8,0x00000000c5380000)
 Metaspace       used 20701K, capacity 21108K, committed 21296K, reserved 1069056K
  class space    used 2341K, capacity 2459K, committed 2560K, reserved 1048576K
}
Event: 9.307 GC heap before
{Heap before GC invocations=8 (full 1):
 PSYoungGen      total 81920K, used 65536K [0x00000000eb200000, 0x00000000f1300000, 0x0000000100000000)
  eden space 65536K, 100% used [0x00000000eb200000,0x00000000ef200000,0x00000000ef200000)
  from space 16384K, 0% used [0x00000000f0300000,0x00000000f0300000,0x00000000f1300000)
  to   space 16896K, 0% used [0x00000000ef200000,0x00000000ef200000,0x00000000f0280000)
 ParOldGen       total 62976K, used 26761K [0x00000000c1600000, 0x00000000c5380000, 0x00000000eb200000)
  object space 62976K, 42% used [0x00000000c1600000,0x00000000c30226a8,0x00000000c5380000)
 Metaspace       used 29374K, capacity 29918K, committed 30208K, reserved 1075200K
  class space    used 3637K, capacity 3827K, committed 3840K, reserved 1048576K
Event: 9.336 GC heap after
Heap after GC invocations=8 (full 1):
 PSYoungGen      total 82432K, used 15009K [0x00000000eb200000, 0x00000000f3e00000, 0x0000000100000000)
  eden space 65536K, 0% used [0x00000000eb200000,0x00000000eb200000,0x00000000ef200000)
  from space 16896K, 88% used [0x00000000ef200000,0x00000000f00a86e8,0x00000000f0280000)
  to   space 19456K, 0% used [0x00000000f2b00000,0x00000000f2b00000,0x00000000f3e00000)
 ParOldGen       total 62976K, used 26769K [0x00000000c1600000, 0x00000000c5380000, 0x00000000eb200000)
  object space 62976K, 42% used [0x00000000c1600000,0x00000000c30246a8,0x00000000c5380000)
 Metaspace       used 29374K, capacity 29918K, committed 30208K, reserved 1075200K
  class space    used 3637K, capacity 3827K, committed 3840K, reserved 1048576K
}
Event: 10.393 GC heap before
{Heap before GC invocations=9 (full 1):
 PSYoungGen      total 82432K, used 49753K [0x00000000eb200000, 0x00000000f3e00000, 0x0000000100000000)
  eden space 65536K, 53% used [0x00000000eb200000,0x00000000ed3edf18,0x00000000ef200000)
  from space 16896K, 88% used [0x00000000ef200000,0x00000000f00a86e8,0x00000000f0280000)
  to   space 19456K, 0% used [0x00000000f2b00000,0x00000000f2b00000,0x00000000f3e00000)
 ParOldGen       total 62976K, used 26769K [0x00000000c1600000, 0x00000000c5380000, 0x00000000eb200000)
  object space 62976K, 42% used [0x00000000c1600000,0x00000000c30246a8,0x00000000c5380000)
 Metaspace       used 34762K, capacity 35324K, committed 35456K, reserved 1081344K
  class space    used 4293K, capacity 4472K, committed 4480K, reserved 1048576K
Event: 10.420 GC heap after
Heap after GC invocations=9 (full 1):
 PSYoungGen      total 120832K, used 15961K [0x00000000eb200000, 0x00000000f3f00000, 0x0000000100000000)
  eden space 101376K, 0% used [0x00000000eb200000,0x00000000eb200000,0x00000000f1500000)
  from space 19456K, 82% used [0x00000000f2b00000,0x00000000f3a96598,0x00000000f3e00000)
  to   space 21504K, 0% used [0x00000000f1500000,0x00000000f1500000,0x00000000f2a00000)
 ParOldGen       total 62976K, used 26777K [0x00000000c1600000, 0x00000000c5380000, 0x00000000eb200000)
  object space 62976K, 42% used [0x00000000c1600000,0x00000000c30266a8,0x00000000c5380000)
 Metaspace       used 34762K, capacity 35324K, committed 35456K, reserved 1081344K
  class space    used 4293K, capacity 4472K, committed 4480K, reserved 1048576K
}
Event: 10.420 GC heap before
{Heap before GC invocations=10 (full 2):
 PSYoungGen      total 120832K, used 15961K [0x00000000eb200000, 0x00000000f3f00000, 0x0000000100000000)
  eden space 101376K, 0% used [0x00000000eb200000,0x00000000eb200000,0x00000000f1500000)
  from space 19456K, 82% used [0x00000000f2b00000,0x00000000f3a96598,0x00000000f3e00000)
  to   space 21504K, 0% used [0x00000000f1500000,0x00000000f1500000,0x00000000f2a00000)
 ParOldGen       total 62976K, used 26777K [0x00000000c1600000, 0x00000000c5380000, 0x00000000eb200000)
  object space 62976K, 42% used [0x00000000c1600000,0x00000000c30266a8,0x00000000c5380000)
 Metaspace       used 34762K, capacity 35324K, committed 35456K, reserved 1081344K
  class space    used 4293K, capacity 4472K, committed 4480K, reserved 1048576K
Event: 10.660 GC heap after
Heap after GC invocations=10 (full 2):
 PSYoungGen      total 120832K, used 0K [0x00000000eb200000, 0x00000000f3f00000, 0x0000000100000000)
  eden space 101376K, 0% used [0x00000000eb200000,0x00000000eb200000,0x00000000f1500000)
  from space 19456K, 0% used [0x00000000f2b00000,0x00000000f2b00000,0x00000000f3e00000)
  to   space 21504K, 0% used [0x00000000f1500000,0x00000000f1500000,0x00000000f2a00000)
 ParOldGen       total 79872K, used 34910K [0x00000000c1600000, 0x00000000c6400000, 0x00000000eb200000)
  object space 79872K, 43% used [0x00000000c1600000,0x00000000c3817bd0,0x00000000c6400000)
 Metaspace       used 34762K, capacity 35324K, committed 35456K, reserved 1081344K
  class space    used 4293K, capacity 4472K, committed 4480K, reserved 1048576K
}

